2022-02-09 22:33:29.381 | INFO     | accountpool.scheduler:run:63 - starting account pool...
2022-02-09 22:33:29.383 | INFO     | accountpool.scheduler:run:66 - starting tester, pid None...
2022-02-09 22:33:29.389 | INFO     | accountpool.scheduler:run:71 - starting getter, pidNone...
2022-02-09 22:33:29.393 | INFO     | accountpool.scheduler:run:76 - starting server, pidNone...
2022-02-09 22:33:29.950 | DEBUG    | accountpool.scheduler:run_generator:46 - getter loop 0 start...
2022-02-09 22:33:29.951 | DEBUG    | accountpool.scheduler:run_tester:31 - tester loop 0 start...
2022-02-09 22:33:29.951 | DEBUG    | accountpool.processors.generator:run:39 - start to run generator
2022-02-09 22:37:23.270 | INFO     | accountpool.scheduler:run:83 - received keyboard interrupt signal
2022-02-09 22:37:23.275 | INFO     | accountpool.scheduler:run:92 - tester is dead
2022-02-09 22:37:23.276 | INFO     | accountpool.scheduler:run:93 - getter is dead
2022-02-09 22:37:23.278 | INFO     | accountpool.scheduler:run:94 - server is dead
2022-02-09 22:37:23.278 | INFO     | accountpool.scheduler:run:95 - accountpool terminated
2022-02-09 23:12:02.069 | INFO     | accountpool.scheduler:run:63 - starting account pool...
2022-02-09 23:12:02.072 | INFO     | accountpool.scheduler:run:66 - starting tester, pid None...
2022-02-09 23:12:02.077 | INFO     | accountpool.scheduler:run:71 - starting getter, pidNone...
2022-02-09 23:12:02.081 | INFO     | accountpool.scheduler:run:76 - starting server, pidNone...
2022-02-09 23:12:02.695 | DEBUG    | accountpool.scheduler:run_tester:31 - tester loop 0 start...
2022-02-09 23:12:02.695 | DEBUG    | accountpool.scheduler:run_generator:46 - getter loop 0 start...
2022-02-09 23:12:02.697 | DEBUG    | accountpool.processors.generator:run:39 - start to run generator
2022-02-09 23:12:38.161 | INFO     | accountpool.scheduler:run:83 - received keyboard interrupt signal
2022-02-09 23:12:38.166 | INFO     | accountpool.scheduler:run:92 - tester is dead
2022-02-09 23:12:38.167 | INFO     | accountpool.scheduler:run:93 - getter is dead
2022-02-09 23:12:38.167 | INFO     | accountpool.scheduler:run:94 - server is dead
2022-02-09 23:12:38.168 | INFO     | accountpool.scheduler:run:95 - accountpool terminated
2022-02-09 23:13:52.768 | INFO     | accountpool.scheduler:run:63 - starting account pool...
2022-02-09 23:13:52.769 | INFO     | accountpool.scheduler:run:66 - starting tester, pid None...
2022-02-09 23:13:52.775 | INFO     | accountpool.scheduler:run:71 - starting getter, pidNone...
2022-02-09 23:13:52.779 | INFO     | accountpool.scheduler:run:76 - starting server, pidNone...
2022-02-09 23:13:53.390 | DEBUG    | accountpool.scheduler:run_tester:31 - tester loop 0 start...
2022-02-09 23:13:53.393 | DEBUG    | accountpool.scheduler:run_generator:46 - getter loop 0 start...
2022-02-09 23:13:53.394 | DEBUG    | accountpool.processors.generator:run:39 - start to run generator
2022-02-09 23:13:53.397 | DEBUG    | accountpool.processors.generator:run:43 - start to generate credential of admin1
2022-02-09 23:16:21.457 | INFO     | accountpool.scheduler:run:83 - received keyboard interrupt signal
2022-02-09 23:16:21.461 | INFO     | accountpool.scheduler:run:92 - tester is dead
2022-02-09 23:16:21.461 | INFO     | accountpool.scheduler:run:93 - getter is dead
2022-02-09 23:16:21.462 | INFO     | accountpool.scheduler:run:94 - server is dead
2022-02-09 23:16:21.465 | INFO     | accountpool.scheduler:run:95 - accountpool terminated
2022-02-09 23:18:12.694 | INFO     | accountpool.scheduler:run:63 - starting account pool...
2022-02-09 23:18:12.695 | INFO     | accountpool.scheduler:run:66 - starting tester, pid None...
2022-02-09 23:18:12.701 | INFO     | accountpool.scheduler:run:71 - starting getter, pidNone...
2022-02-09 23:18:12.705 | INFO     | accountpool.scheduler:run:76 - starting server, pidNone...
2022-02-09 23:18:13.250 | DEBUG    | accountpool.scheduler:run_generator:46 - getter loop 0 start...
2022-02-09 23:18:13.251 | DEBUG    | accountpool.scheduler:run_tester:31 - tester loop 0 start...
2022-02-09 23:18:13.251 | DEBUG    | accountpool.processors.generator:run:39 - start to run generator
2022-02-09 23:18:13.254 | DEBUG    | accountpool.processors.generator:run:43 - start to generate credential of admin1
2022-02-09 23:18:37.042 | INFO     | accountpool.scheduler:run:83 - received keyboard interrupt signal
2022-02-09 23:18:37.047 | INFO     | accountpool.scheduler:run:92 - tester is dead
2022-02-09 23:18:37.047 | INFO     | accountpool.scheduler:run:93 - getter is dead
2022-02-09 23:18:37.048 | INFO     | accountpool.scheduler:run:94 - server is dead
2022-02-09 23:18:37.049 | INFO     | accountpool.scheduler:run:95 - accountpool terminated
2022-02-09 23:18:39.839 | INFO     | accountpool.scheduler:run:63 - starting account pool...
2022-02-09 23:18:39.841 | INFO     | accountpool.scheduler:run:66 - starting tester, pid None...
2022-02-09 23:18:39.847 | INFO     | accountpool.scheduler:run:71 - starting getter, pidNone...
2022-02-09 23:18:39.850 | INFO     | accountpool.scheduler:run:76 - starting server, pidNone...
2022-02-09 23:18:40.393 | DEBUG    | accountpool.scheduler:run_generator:46 - getter loop 0 start...
2022-02-09 23:18:40.394 | DEBUG    | accountpool.scheduler:run_tester:31 - tester loop 0 start...
2022-02-09 23:18:40.394 | DEBUG    | accountpool.processors.generator:run:39 - start to run generator
2022-02-09 23:18:40.396 | DEBUG    | accountpool.processors.generator:run:43 - start to generate credential of admin1
2022-02-09 23:18:58.478 | INFO     | accountpool.scheduler:run:83 - received keyboard interrupt signal
2022-02-09 23:18:58.481 | INFO     | accountpool.scheduler:run:92 - tester is dead
2022-02-09 23:18:58.482 | INFO     | accountpool.scheduler:run:93 - getter is dead
2022-02-09 23:18:58.483 | INFO     | accountpool.scheduler:run:94 - server is dead
2022-02-09 23:18:58.484 | INFO     | accountpool.scheduler:run:95 - accountpool terminated
2022-02-09 23:19:00.197 | INFO     | accountpool.scheduler:run:63 - starting account pool...
2022-02-09 23:19:00.198 | INFO     | accountpool.scheduler:run:66 - starting tester, pid None...
2022-02-09 23:19:00.204 | INFO     | accountpool.scheduler:run:71 - starting getter, pidNone...
2022-02-09 23:19:00.208 | INFO     | accountpool.scheduler:run:76 - starting server, pidNone...
2022-02-09 23:19:00.803 | DEBUG    | accountpool.scheduler:run_generator:46 - getter loop 0 start...
2022-02-09 23:19:00.803 | DEBUG    | accountpool.scheduler:run_tester:31 - tester loop 0 start...
2022-02-09 23:19:00.805 | DEBUG    | accountpool.processors.generator:run:39 - start to run generator
2022-02-09 23:19:00.807 | DEBUG    | accountpool.processors.generator:run:43 - start to generate credential of admin1
2022-02-09 23:19:03.607 | DEBUG    | accountpool.processors.generator:run:43 - start to generate credential of admin2
2022-02-09 23:19:04.046 | DEBUG    | accountpool.processors.generator:run:43 - start to generate credential of admin3
2022-02-09 23:19:04.470 | DEBUG    | accountpool.processors.generator:run:43 - start to generate credential of admin4
2022-02-09 23:19:04.933 | DEBUG    | accountpool.processors.generator:run:43 - start to generate credential of admin5
2022-02-09 23:19:05.579 | DEBUG    | accountpool.processors.generator:run:43 - start to generate credential of admin6
2022-02-09 23:19:06.092 | DEBUG    | accountpool.processors.generator:run:43 - start to generate credential of admin7
2022-02-09 23:19:06.575 | DEBUG    | accountpool.processors.generator:run:43 - start to generate credential of admin8
2022-02-09 23:19:07.087 | DEBUG    | accountpool.processors.generator:run:43 - start to generate credential of admin9
2022-02-09 23:19:07.802 | DEBUG    | accountpool.processors.generator:run:43 - start to generate credential of admin10
2022-02-09 23:19:08.300 | DEBUG    | accountpool.processors.generator:run:43 - start to generate credential of admin11
2022-02-09 23:19:08.963 | DEBUG    | accountpool.processors.generator:run:43 - start to generate credential of admin12
2022-02-09 23:19:09.591 | DEBUG    | accountpool.processors.generator:run:43 - start to generate credential of admin13
2022-02-09 23:19:10.093 | DEBUG    | accountpool.processors.generator:run:43 - start to generate credential of admin14
2022-02-09 23:19:10.583 | DEBUG    | accountpool.processors.generator:run:43 - start to generate credential of admin15
2022-02-09 23:19:11.113 | DEBUG    | accountpool.processors.generator:run:43 - start to generate credential of admin16
2022-02-09 23:19:11.751 | DEBUG    | accountpool.processors.generator:run:43 - start to generate credential of admin17
2022-02-09 23:19:12.141 | DEBUG    | accountpool.processors.generator:run:43 - start to generate credential of admin18
2022-02-09 23:19:39.156 | INFO     | accountpool.scheduler:run:83 - received keyboard interrupt signal
2022-02-09 23:19:39.160 | INFO     | accountpool.scheduler:run:92 - tester is dead
2022-02-09 23:19:39.162 | INFO     | accountpool.scheduler:run:93 - getter is dead
2022-02-09 23:19:39.162 | INFO     | accountpool.scheduler:run:94 - server is dead
2022-02-09 23:19:39.163 | INFO     | accountpool.scheduler:run:95 - accountpool terminated
2022-02-09 23:19:40.875 | INFO     | accountpool.scheduler:run:63 - starting account pool...
2022-02-09 23:19:40.876 | INFO     | accountpool.scheduler:run:66 - starting tester, pid None...
2022-02-09 23:19:40.887 | INFO     | accountpool.scheduler:run:71 - starting getter, pidNone...
2022-02-09 23:19:40.891 | INFO     | accountpool.scheduler:run:76 - starting server, pidNone...
2022-02-09 23:19:41.488 | DEBUG    | accountpool.scheduler:run_generator:46 - getter loop 0 start...
2022-02-09 23:19:41.489 | DEBUG    | accountpool.processors.generator:run:39 - start to run generator
2022-02-09 23:19:41.491 | DEBUG    | accountpool.scheduler:run_tester:31 - tester loop 0 start...
2022-02-09 23:19:41.491 | DEBUG    | accountpool.processors.generator:run:43 - start to generate credential of admin1
2022-02-09 23:19:42.167 | DEBUG    | accountpool.processors.generator:run:43 - start to generate credential of admin2
2022-02-09 23:19:42.684 | DEBUG    | accountpool.processors.generator:run:43 - start to generate credential of admin3
2022-02-09 23:19:43.572 | DEBUG    | accountpool.processors.generator:run:43 - start to generate credential of admin4
2022-02-09 23:19:44.101 | DEBUG    | accountpool.processors.generator:run:43 - start to generate credential of admin5
2022-02-09 23:19:44.531 | DEBUG    | accountpool.processors.generator:run:43 - start to generate credential of admin6
2022-02-09 23:19:45.014 | DEBUG    | accountpool.processors.generator:run:43 - start to generate credential of admin7
2022-02-09 23:19:45.619 | DEBUG    | accountpool.processors.generator:run:43 - start to generate credential of admin8
2022-02-09 23:19:45.998 | DEBUG    | accountpool.processors.generator:run:43 - start to generate credential of admin9
2022-02-09 23:19:46.489 | DEBUG    | accountpool.processors.generator:run:43 - start to generate credential of admin10
2022-02-09 23:19:47.161 | DEBUG    | accountpool.processors.generator:run:43 - start to generate credential of admin11
2022-02-09 23:19:47.666 | DEBUG    | accountpool.processors.generator:run:43 - start to generate credential of admin12
2022-02-09 23:19:48.069 | DEBUG    | accountpool.processors.generator:run:43 - start to generate credential of admin13
2022-02-09 23:19:48.571 | DEBUG    | accountpool.processors.generator:run:43 - start to generate credential of admin14
2022-02-09 23:19:50.036 | DEBUG    | accountpool.processors.generator:run:43 - start to generate credential of admin15
2022-02-09 23:19:50.643 | DEBUG    | accountpool.processors.generator:run:43 - start to generate credential of admin16
2022-02-09 23:19:51.200 | DEBUG    | accountpool.processors.generator:run:43 - start to generate credential of admin17
2022-02-09 23:19:51.899 | DEBUG    | accountpool.processors.generator:run:43 - start to generate credential of admin18
2022-02-09 23:19:52.563 | DEBUG    | accountpool.processors.generator:run:43 - start to generate credential of admin19
2022-02-09 23:19:53.142 | DEBUG    | accountpool.processors.generator:run:43 - start to generate credential of admin20
2022-02-09 23:19:54.710 | DEBUG    | accountpool.processors.generator:run:43 - start to generate credential of admin21
2022-02-09 23:19:55.143 | DEBUG    | accountpool.processors.generator:run:43 - start to generate credential of admin22
2022-02-09 23:19:55.707 | DEBUG    | accountpool.processors.generator:run:43 - start to generate credential of admin23
2022-02-09 23:19:56.372 | DEBUG    | accountpool.processors.generator:run:43 - start to generate credential of admin24
2022-02-09 23:19:57.277 | DEBUG    | accountpool.processors.generator:run:43 - start to generate credential of admin25
2022-02-09 23:19:57.915 | DEBUG    | accountpool.processors.generator:run:43 - start to generate credential of admin26
2022-02-09 23:21:25.632 | INFO     | accountpool.scheduler:run:83 - received keyboard interrupt signal
2022-02-09 23:21:25.637 | INFO     | accountpool.scheduler:run:92 - tester is dead
2022-02-09 23:21:25.638 | INFO     | accountpool.scheduler:run:93 - getter is dead
2022-02-09 23:21:25.638 | INFO     | accountpool.scheduler:run:94 - server is dead
2022-02-09 23:21:25.640 | INFO     | accountpool.scheduler:run:95 - accountpool terminated
2022-02-09 23:21:39.618 | INFO     | accountpool.scheduler:run:63 - starting account pool...
2022-02-09 23:21:39.619 | INFO     | accountpool.scheduler:run:66 - starting tester, pid None...
2022-02-09 23:21:39.625 | INFO     | accountpool.scheduler:run:71 - starting getter, pidNone...
2022-02-09 23:21:39.629 | INFO     | accountpool.scheduler:run:76 - starting server, pidNone...
2022-02-09 23:21:40.161 | DEBUG    | accountpool.scheduler:run_tester:31 - tester loop 0 start...
2022-02-09 23:21:40.163 | DEBUG    | accountpool.scheduler:run_generator:46 - getter loop 0 start...
2022-02-09 23:21:40.164 | DEBUG    | accountpool.processors.generator:run:39 - start to run generator
2022-02-09 23:21:40.166 | DEBUG    | accountpool.processors.generator:run:43 - start to generate credential of admin1
2022-02-09 23:21:40.636 | DEBUG    | accountpool.processors.generator:run:43 - start to generate credential of admin2
2022-02-09 23:21:41.086 | DEBUG    | accountpool.processors.generator:run:43 - start to generate credential of admin3
2022-02-09 23:21:41.565 | DEBUG    | accountpool.processors.generator:run:43 - start to generate credential of admin4
2022-02-09 23:21:42.111 | DEBUG    | accountpool.processors.generator:run:43 - start to generate credential of admin5
2022-02-09 23:21:42.702 | DEBUG    | accountpool.processors.generator:run:43 - start to generate credential of admin6
2022-02-09 23:21:43.098 | DEBUG    | accountpool.processors.generator:run:43 - start to generate credential of admin7
2022-02-09 23:21:43.572 | DEBUG    | accountpool.processors.generator:run:43 - start to generate credential of admin8
2022-02-09 23:21:44.069 | DEBUG    | accountpool.processors.generator:run:43 - start to generate credential of admin9
2022-02-09 23:21:44.524 | DEBUG    | accountpool.processors.generator:run:43 - start to generate credential of admin10
2022-02-09 23:21:45.059 | DEBUG    | accountpool.processors.generator:run:43 - start to generate credential of admin11
2022-02-09 23:21:45.549 | DEBUG    | accountpool.processors.generator:run:43 - start to generate credential of admin12
2022-02-09 23:21:46.296 | DEBUG    | accountpool.processors.generator:run:43 - start to generate credential of admin13
2022-02-09 23:21:46.896 | DEBUG    | accountpool.processors.generator:run:43 - start to generate credential of admin14
2022-02-09 23:21:47.353 | DEBUG    | accountpool.processors.generator:run:43 - start to generate credential of admin15
2022-02-09 23:21:48.011 | DEBUG    | accountpool.processors.generator:run:43 - start to generate credential of admin16
2022-02-09 23:21:48.708 | DEBUG    | accountpool.processors.generator:run:43 - start to generate credential of admin17
2022-02-09 23:21:49.255 | DEBUG    | accountpool.processors.generator:run:43 - start to generate credential of admin18
2022-02-09 23:21:49.778 | DEBUG    | accountpool.processors.generator:run:43 - start to generate credential of admin19
2022-02-09 23:21:50.286 | DEBUG    | accountpool.processors.generator:run:43 - start to generate credential of admin20
2022-02-09 23:21:52.151 | DEBUG    | accountpool.processors.generator:run:43 - start to generate credential of admin21
2022-02-09 23:21:52.966 | DEBUG    | accountpool.processors.generator:run:43 - start to generate credential of admin22
2022-02-09 23:21:53.422 | DEBUG    | accountpool.processors.generator:run:43 - start to generate credential of admin23
2022-02-09 23:21:54.100 | DEBUG    | accountpool.processors.generator:run:43 - start to generate credential of admin24
2022-02-09 23:21:54.729 | DEBUG    | accountpool.processors.generator:run:43 - start to generate credential of admin25
2022-02-09 23:21:55.338 | DEBUG    | accountpool.processors.generator:run:43 - start to generate credential of admin26
2022-02-09 23:21:55.865 | DEBUG    | accountpool.processors.generator:run:43 - start to generate credential of admin27
2022-02-09 23:21:56.357 | DEBUG    | accountpool.processors.generator:run:43 - start to generate credential of admin28
2022-02-09 23:21:56.977 | DEBUG    | accountpool.processors.generator:run:43 - start to generate credential of admin29
2022-02-09 23:21:57.492 | DEBUG    | accountpool.processors.generator:run:43 - start to generate credential of admin30
2022-02-09 23:21:58.278 | DEBUG    | accountpool.processors.generator:run:43 - start to generate credential of admin31
2022-02-09 23:21:58.806 | DEBUG    | accountpool.processors.generator:run:43 - start to generate credential of admin32
2022-02-09 23:21:59.240 | DEBUG    | accountpool.processors.generator:run:43 - start to generate credential of admin33
2022-02-09 23:21:59.839 | DEBUG    | accountpool.processors.generator:run:43 - start to generate credential of admin34
2022-02-09 23:22:00.240 | DEBUG    | accountpool.processors.generator:run:43 - start to generate credential of admin35
2022-02-09 23:22:00.693 | DEBUG    | accountpool.processors.generator:run:43 - start to generate credential of admin36
2022-02-09 23:22:01.154 | DEBUG    | accountpool.processors.generator:run:43 - start to generate credential of admin37
2022-02-09 23:22:01.919 | DEBUG    | accountpool.processors.generator:run:43 - start to generate credential of admin38
2022-02-09 23:22:02.348 | DEBUG    | accountpool.processors.generator:run:43 - start to generate credential of admin39
2022-02-09 23:22:02.670 | DEBUG    | accountpool.processors.generator:run:43 - start to generate credential of admin40
2022-02-09 23:22:03.389 | DEBUG    | accountpool.processors.generator:run:43 - start to generate credential of admin41
2022-02-09 23:22:03.877 | DEBUG    | accountpool.processors.generator:run:43 - start to generate credential of admin42
2022-02-09 23:22:04.255 | DEBUG    | accountpool.processors.generator:run:43 - start to generate credential of admin43
2022-02-09 23:22:04.751 | DEBUG    | accountpool.processors.generator:run:43 - start to generate credential of admin44
2022-02-09 23:22:05.318 | DEBUG    | accountpool.processors.generator:run:43 - start to generate credential of admin45
2022-02-09 23:22:06.015 | DEBUG    | accountpool.processors.generator:run:43 - start to generate credential of admin46
2022-02-09 23:22:49.315 | INFO     | accountpool.scheduler:run:83 - received keyboard interrupt signal
2022-02-09 23:22:49.320 | INFO     | accountpool.scheduler:run:92 - tester is dead
2022-02-09 23:22:49.321 | INFO     | accountpool.scheduler:run:93 - getter is dead
2022-02-09 23:22:49.322 | INFO     | accountpool.scheduler:run:94 - server is dead
2022-02-09 23:22:49.324 | INFO     | accountpool.scheduler:run:95 - accountpool terminated
2022-02-09 23:24:33.934 | INFO     | accountpool.scheduler:run:63 - starting account pool...
2022-02-09 23:24:33.935 | INFO     | accountpool.scheduler:run:66 - starting tester, pid None...
2022-02-09 23:24:33.941 | INFO     | accountpool.scheduler:run:71 - starting getter, pidNone...
2022-02-09 23:24:33.945 | INFO     | accountpool.scheduler:run:76 - starting server, pidNone...
2022-02-09 23:24:34.494 | DEBUG    | accountpool.scheduler:run_generator:46 - getter loop 0 start...
2022-02-09 23:24:34.496 | DEBUG    | accountpool.processors.generator:run:39 - start to run generator
2022-02-09 23:24:34.497 | DEBUG    | accountpool.scheduler:run_tester:31 - tester loop 0 start...
2022-02-09 23:24:34.498 | DEBUG    | accountpool.processors.generator:run:43 - start to generate credential of admin1
2022-02-09 23:25:35.056 | INFO     | accountpool.scheduler:run:83 - received keyboard interrupt signal
2022-02-09 23:25:35.060 | INFO     | accountpool.scheduler:run:92 - tester is dead
2022-02-09 23:25:35.061 | INFO     | accountpool.scheduler:run:93 - getter is dead
2022-02-09 23:25:35.062 | INFO     | accountpool.scheduler:run:94 - server is dead
2022-02-09 23:25:35.063 | INFO     | accountpool.scheduler:run:95 - accountpool terminated
2022-02-09 23:25:41.412 | INFO     | accountpool.scheduler:run:63 - starting account pool...
2022-02-09 23:25:41.414 | INFO     | accountpool.scheduler:run:66 - starting tester, pid None...
2022-02-09 23:25:41.420 | INFO     | accountpool.scheduler:run:71 - starting getter, pidNone...
2022-02-09 23:25:41.424 | INFO     | accountpool.scheduler:run:76 - starting server, pidNone...
2022-02-09 23:25:42.017 | DEBUG    | accountpool.scheduler:run_generator:46 - getter loop 0 start...
2022-02-09 23:25:42.017 | DEBUG    | accountpool.scheduler:run_tester:31 - tester loop 0 start...
2022-02-09 23:25:42.018 | DEBUG    | accountpool.processors.generator:run:39 - start to run generator
2022-02-09 23:25:42.021 | DEBUG    | accountpool.processors.generator:run:43 - start to generate credential of admin1
2022-02-09 23:25:42.663 | DEBUG    | accountpool.processors.generator:run:43 - start to generate credential of admin2
2022-02-09 23:25:43.160 | DEBUG    | accountpool.processors.generator:run:43 - start to generate credential of admin3
2022-02-09 23:25:44.759 | DEBUG    | accountpool.processors.generator:run:43 - start to generate credential of admin4
2022-02-09 23:25:45.310 | DEBUG    | accountpool.processors.generator:run:43 - start to generate credential of admin5
2022-02-09 23:25:45.777 | DEBUG    | accountpool.processors.generator:run:43 - start to generate credential of admin6
2022-02-09 23:25:46.887 | DEBUG    | accountpool.processors.generator:run:43 - start to generate credential of admin7
2022-02-09 23:25:47.443 | DEBUG    | accountpool.processors.generator:run:43 - start to generate credential of admin8
2022-02-09 23:25:47.863 | DEBUG    | accountpool.processors.generator:run:43 - start to generate credential of admin9
2022-02-09 23:25:48.467 | DEBUG    | accountpool.processors.generator:run:43 - start to generate credential of admin10
2022-02-09 23:25:49.162 | DEBUG    | accountpool.processors.generator:run:43 - start to generate credential of admin11
2022-02-09 23:25:49.665 | DEBUG    | accountpool.processors.generator:run:43 - start to generate credential of admin12
2022-02-09 23:25:50.241 | DEBUG    | accountpool.processors.generator:run:43 - start to generate credential of admin13
2022-02-09 23:25:50.719 | DEBUG    | accountpool.processors.generator:run:43 - start to generate credential of admin14
2022-02-09 23:25:51.179 | DEBUG    | accountpool.processors.generator:run:43 - start to generate credential of admin15
2022-02-09 23:25:51.806 | DEBUG    | accountpool.processors.generator:run:43 - start to generate credential of admin16
2022-02-09 23:25:52.308 | DEBUG    | accountpool.processors.generator:run:43 - start to generate credential of admin17
2022-02-09 23:25:52.648 | DEBUG    | accountpool.processors.generator:run:43 - start to generate credential of admin18
2022-02-09 23:25:53.110 | DEBUG    | accountpool.processors.generator:run:43 - start to generate credential of admin19
2022-02-09 23:25:53.367 | DEBUG    | accountpool.processors.generator:run:43 - start to generate credential of admin20
2022-02-09 23:25:53.799 | DEBUG    | accountpool.processors.generator:run:43 - start to generate credential of admin21
2022-02-09 23:25:54.308 | DEBUG    | accountpool.processors.generator:run:43 - start to generate credential of admin22
2022-02-09 23:25:54.932 | DEBUG    | accountpool.processors.generator:run:43 - start to generate credential of admin23
2022-02-09 23:25:55.457 | DEBUG    | accountpool.processors.generator:run:43 - start to generate credential of admin24
2022-02-09 23:25:55.950 | DEBUG    | accountpool.processors.generator:run:43 - start to generate credential of admin25
2022-02-09 23:25:56.744 | DEBUG    | accountpool.processors.generator:run:43 - start to generate credential of admin26
2022-02-09 23:28:05.047 | INFO     | accountpool.scheduler:run:83 - received keyboard interrupt signal
2022-02-09 23:28:05.051 | INFO     | accountpool.scheduler:run:92 - tester is dead
2022-02-09 23:28:05.052 | INFO     | accountpool.scheduler:run:93 - getter is dead
2022-02-09 23:28:05.053 | INFO     | accountpool.scheduler:run:94 - server is dead
2022-02-09 23:28:05.053 | INFO     | accountpool.scheduler:run:95 - accountpool terminated
2022-02-09 23:28:07.308 | INFO     | accountpool.scheduler:run:63 - starting account pool...
2022-02-09 23:28:07.310 | INFO     | accountpool.scheduler:run:66 - starting tester, pid None...
2022-02-09 23:28:07.320 | INFO     | accountpool.scheduler:run:71 - starting getter, pidNone...
2022-02-09 23:28:07.324 | INFO     | accountpool.scheduler:run:76 - starting server, pidNone...
2022-02-09 23:28:07.856 | DEBUG    | accountpool.scheduler:run_tester:31 - tester loop 0 start...
2022-02-09 23:28:07.857 | DEBUG    | accountpool.scheduler:run_generator:46 - getter loop 0 start...
2022-02-09 23:28:07.860 | DEBUG    | accountpool.processors.generator:run:39 - start to run generator
2022-02-09 23:28:07.863 | DEBUG    | accountpool.processors.generator:run:43 - start to generate credential of admin1
2022-02-09 23:28:08.360 | DEBUG    | accountpool.processors.generator:run:43 - start to generate credential of admin2
2022-02-09 23:28:08.875 | DEBUG    | accountpool.processors.generator:run:43 - start to generate credential of admin3
2022-02-09 23:28:09.450 | DEBUG    | accountpool.processors.generator:run:43 - start to generate credential of admin4
2022-02-09 23:28:10.289 | DEBUG    | accountpool.processors.generator:run:43 - start to generate credential of admin5
2022-02-09 23:28:10.939 | DEBUG    | accountpool.processors.generator:run:43 - start to generate credential of admin6
2022-02-09 23:28:11.674 | DEBUG    | accountpool.processors.generator:run:43 - start to generate credential of admin7
2022-02-09 23:28:12.199 | DEBUG    | accountpool.processors.generator:run:43 - start to generate credential of admin8
2022-02-09 23:28:12.765 | DEBUG    | accountpool.processors.generator:run:43 - start to generate credential of admin9
2022-02-09 23:28:13.415 | DEBUG    | accountpool.processors.generator:run:43 - start to generate credential of admin10
2022-02-09 23:28:14.013 | DEBUG    | accountpool.processors.generator:run:43 - start to generate credential of admin11
2022-02-09 23:28:14.485 | DEBUG    | accountpool.processors.generator:run:43 - start to generate credential of admin12
2022-02-09 23:28:15.274 | DEBUG    | accountpool.processors.generator:run:43 - start to generate credential of admin13
2022-02-09 23:28:16.245 | DEBUG    | accountpool.processors.generator:run:43 - start to generate credential of admin14
2022-02-09 23:28:16.682 | DEBUG    | accountpool.processors.generator:run:43 - start to generate credential of admin15
2022-02-09 23:28:17.162 | DEBUG    | accountpool.processors.generator:run:43 - start to generate credential of admin16
2022-02-09 23:28:17.742 | DEBUG    | accountpool.processors.generator:run:43 - start to generate credential of admin17
2022-02-09 23:28:18.530 | DEBUG    | accountpool.processors.generator:run:43 - start to generate credential of admin18
2022-02-09 23:28:19.072 | DEBUG    | accountpool.processors.generator:run:43 - start to generate credential of admin19
2022-02-09 23:28:19.757 | DEBUG    | accountpool.processors.generator:run:43 - start to generate credential of admin20
2022-02-09 23:28:20.228 | DEBUG    | accountpool.processors.generator:run:43 - start to generate credential of admin21
2022-02-09 23:28:20.837 | DEBUG    | accountpool.processors.generator:run:43 - start to generate credential of admin22
2022-02-09 23:28:21.275 | DEBUG    | accountpool.processors.generator:run:43 - start to generate credential of admin23
2022-02-09 23:28:21.663 | DEBUG    | accountpool.processors.generator:run:43 - start to generate credential of admin24
2022-02-09 23:28:22.328 | DEBUG    | accountpool.processors.generator:run:43 - start to generate credential of admin25
2022-02-09 23:28:22.887 | DEBUG    | accountpool.processors.generator:run:43 - start to generate credential of admin26
2022-02-09 23:28:23.393 | DEBUG    | accountpool.processors.generator:run:43 - start to generate credential of admin27
2022-02-09 23:28:23.785 | DEBUG    | accountpool.processors.generator:run:43 - start to generate credential of admin28
2022-02-09 23:28:25.626 | DEBUG    | accountpool.processors.generator:run:43 - start to generate credential of admin29
2022-02-09 23:28:27.240 | DEBUG    | accountpool.processors.generator:run:43 - start to generate credential of admin30
2022-02-09 23:28:27.611 | DEBUG    | accountpool.processors.generator:run:43 - start to generate credential of admin31
2022-02-09 23:28:28.288 | DEBUG    | accountpool.processors.generator:run:43 - start to generate credential of admin32
2022-02-09 23:28:28.821 | DEBUG    | accountpool.processors.generator:run:43 - start to generate credential of admin33
2022-02-09 23:28:29.244 | DEBUG    | accountpool.processors.generator:run:43 - start to generate credential of admin34
2022-02-09 23:28:29.773 | DEBUG    | accountpool.processors.generator:run:43 - start to generate credential of admin35
2022-02-09 23:28:30.247 | DEBUG    | accountpool.processors.generator:run:43 - start to generate credential of admin36
2022-02-09 23:28:30.676 | DEBUG    | accountpool.processors.generator:run:43 - start to generate credential of admin37
2022-02-09 23:28:31.209 | DEBUG    | accountpool.processors.generator:run:43 - start to generate credential of admin38
2022-02-09 23:28:31.596 | DEBUG    | accountpool.processors.generator:run:43 - start to generate credential of admin39
2022-02-09 23:28:31.951 | DEBUG    | accountpool.processors.generator:run:43 - start to generate credential of admin40
2022-02-09 23:28:32.463 | DEBUG    | accountpool.processors.generator:run:43 - start to generate credential of admin41
2022-02-09 23:28:33.132 | DEBUG    | accountpool.processors.generator:run:43 - start to generate credential of admin42
2022-02-09 23:28:33.582 | DEBUG    | accountpool.processors.generator:run:43 - start to generate credential of admin43
2022-02-09 23:28:33.924 | DEBUG    | accountpool.processors.generator:run:43 - start to generate credential of admin44
2022-02-09 23:28:34.729 | DEBUG    | accountpool.processors.generator:run:43 - start to generate credential of admin45
2022-02-09 23:28:36.450 | DEBUG    | accountpool.processors.generator:run:43 - start to generate credential of admin46
2022-02-09 23:28:36.800 | DEBUG    | accountpool.processors.generator:run:43 - start to generate credential of admin47
2022-02-09 23:28:37.147 | DEBUG    | accountpool.processors.generator:run:43 - start to generate credential of admin48
2022-02-09 23:28:37.555 | DEBUG    | accountpool.processors.generator:run:43 - start to generate credential of admin49
2022-02-09 23:28:38.041 | DEBUG    | accountpool.processors.generator:run:43 - start to generate credential of admin50
2022-02-09 23:28:38.660 | DEBUG    | accountpool.processors.generator:run:43 - start to generate credential of admin51
2022-02-09 23:28:39.221 | DEBUG    | accountpool.processors.generator:run:43 - start to generate credential of admin52
2022-02-09 23:28:39.769 | DEBUG    | accountpool.processors.generator:run:43 - start to generate credential of admin53
2022-02-09 23:28:40.690 | DEBUG    | accountpool.processors.generator:run:43 - start to generate credential of admin54
2022-02-09 23:28:41.091 | DEBUG    | accountpool.processors.generator:run:43 - start to generate credential of admin55
2022-02-09 23:28:41.673 | DEBUG    | accountpool.processors.generator:run:43 - start to generate credential of admin56
2022-02-09 23:28:42.237 | DEBUG    | accountpool.processors.generator:run:43 - start to generate credential of admin57
2022-02-09 23:28:42.634 | DEBUG    | accountpool.processors.generator:run:43 - start to generate credential of admin58
2022-02-09 23:28:42.993 | DEBUG    | accountpool.processors.generator:run:43 - start to generate credential of admin59
2022-02-09 23:28:43.363 | DEBUG    | accountpool.processors.generator:run:43 - start to generate credential of admin60
2022-02-09 23:28:43.727 | DEBUG    | accountpool.processors.generator:run:43 - start to generate credential of admin61
2022-02-09 23:28:44.162 | DEBUG    | accountpool.processors.generator:run:43 - start to generate credential of admin62
2022-02-09 23:28:44.881 | DEBUG    | accountpool.processors.generator:run:43 - start to generate credential of admin63
2022-02-09 23:28:45.493 | DEBUG    | accountpool.processors.generator:run:43 - start to generate credential of admin64
2022-02-09 23:28:46.113 | DEBUG    | accountpool.processors.generator:run:43 - start to generate credential of admin65
2022-02-09 23:28:46.711 | DEBUG    | accountpool.processors.generator:run:43 - start to generate credential of admin66
2022-02-09 23:28:48.202 | DEBUG    | accountpool.processors.generator:run:43 - start to generate credential of admin67
2022-02-09 23:28:48.668 | DEBUG    | accountpool.processors.generator:run:43 - start to generate credential of admin68
2022-02-09 23:28:48.899 | DEBUG    | accountpool.processors.generator:run:43 - start to generate credential of admin69
2022-02-09 23:28:49.592 | DEBUG    | accountpool.processors.generator:run:43 - start to generate credential of admin70
2022-02-09 23:28:50.000 | DEBUG    | accountpool.processors.generator:run:43 - start to generate credential of admin71
2022-02-09 23:28:50.466 | DEBUG    | accountpool.processors.generator:run:43 - start to generate credential of admin72
2022-02-09 23:28:51.073 | DEBUG    | accountpool.processors.generator:run:43 - start to generate credential of admin73
2022-02-09 23:28:51.359 | DEBUG    | accountpool.processors.generator:run:43 - start to generate credential of admin74
2022-02-09 23:28:51.586 | DEBUG    | accountpool.processors.generator:run:43 - start to generate credential of admin75
2022-02-09 23:28:52.047 | DEBUG    | accountpool.processors.generator:run:43 - start to generate credential of admin76
2022-02-09 23:28:52.927 | DEBUG    | accountpool.processors.generator:run:43 - start to generate credential of admin77
2022-02-09 23:28:53.502 | DEBUG    | accountpool.processors.generator:run:43 - start to generate credential of admin78
2022-02-09 23:28:53.929 | DEBUG    | accountpool.processors.generator:run:43 - start to generate credential of admin79
2022-02-09 23:28:54.585 | DEBUG    | accountpool.processors.generator:run:43 - start to generate credential of admin80
2022-02-09 23:28:55.108 | DEBUG    | accountpool.processors.generator:run:43 - start to generate credential of admin81
2022-02-09 23:28:55.631 | DEBUG    | accountpool.processors.generator:run:43 - start to generate credential of admin82
2022-02-09 23:28:56.172 | DEBUG    | accountpool.processors.generator:run:43 - start to generate credential of admin83
2022-02-09 23:28:56.430 | DEBUG    | accountpool.processors.generator:run:43 - start to generate credential of admin84
2022-02-09 23:28:56.997 | DEBUG    | accountpool.processors.generator:run:43 - start to generate credential of admin85
2022-02-09 23:28:57.639 | DEBUG    | accountpool.processors.generator:run:43 - start to generate credential of admin86
2022-02-09 23:28:58.024 | DEBUG    | accountpool.processors.generator:run:43 - start to generate credential of admin87
2022-02-09 23:28:58.525 | DEBUG    | accountpool.processors.generator:run:43 - start to generate credential of admin88
2022-02-09 23:28:58.954 | DEBUG    | accountpool.processors.generator:run:43 - start to generate credential of admin89
2022-02-09 23:28:59.330 | DEBUG    | accountpool.processors.generator:run:43 - start to generate credential of admin90
2022-02-09 23:28:59.727 | DEBUG    | accountpool.processors.generator:run:43 - start to generate credential of admin91
2022-02-09 23:29:00.113 | DEBUG    | accountpool.processors.generator:run:43 - start to generate credential of admin92
2022-02-09 23:29:00.480 | DEBUG    | accountpool.processors.generator:run:43 - start to generate credential of admin93
2022-02-09 23:29:00.768 | DEBUG    | accountpool.processors.generator:run:43 - start to generate credential of admin94
2022-02-09 23:29:01.304 | DEBUG    | accountpool.processors.generator:run:43 - start to generate credential of admin95
2022-02-09 23:29:01.731 | DEBUG    | accountpool.processors.generator:run:43 - start to generate credential of admin96
2022-02-09 23:29:02.263 | DEBUG    | accountpool.processors.generator:run:43 - start to generate credential of admin97
2022-02-09 23:29:02.513 | DEBUG    | accountpool.processors.generator:run:43 - start to generate credential of admin98
2022-02-09 23:29:02.903 | DEBUG    | accountpool.processors.generator:run:43 - start to generate credential of admin99
2022-02-09 23:29:03.423 | DEBUG    | accountpool.processors.generator:run:43 - start to generate credential of admin100
2022-02-09 23:33:57.770 | INFO     | accountpool.scheduler:run:83 - received keyboard interrupt signal
2022-02-09 23:33:57.774 | INFO     | accountpool.scheduler:run:92 - tester is dead
2022-02-09 23:33:57.775 | INFO     | accountpool.scheduler:run:93 - getter is dead
2022-02-09 23:33:57.775 | INFO     | accountpool.scheduler:run:94 - server is dead
2022-02-09 23:33:57.776 | INFO     | accountpool.scheduler:run:95 - accountpool terminated
2022-02-09 23:39:19.861 | INFO     | accountpool.scheduler:run:63 - starting account pool...
2022-02-09 23:39:19.862 | INFO     | accountpool.scheduler:run:66 - starting tester, pid None...
2022-02-09 23:39:19.868 | INFO     | accountpool.scheduler:run:71 - starting getter, pidNone...
2022-02-09 23:39:19.872 | INFO     | accountpool.scheduler:run:76 - starting server, pidNone...
2022-02-09 23:39:20.501 | DEBUG    | accountpool.scheduler:run_tester:31 - tester loop 0 start...
2022-02-09 23:39:20.502 | DEBUG    | accountpool.scheduler:run_generator:46 - getter loop 0 start...
2022-02-09 23:39:20.503 | DEBUG    | accountpool.processors.generator:run:39 - start to run generator
2022-02-09 23:39:20.505 | DEBUG    | accountpool.processors.generator:run:43 - start to generate credential of admin1
2022-02-09 23:39:25.319 | INFO     | accountpool.scheduler:run:83 - received keyboard interrupt signal
2022-02-09 23:39:25.324 | INFO     | accountpool.scheduler:run:92 - tester is dead
2022-02-09 23:39:25.324 | INFO     | accountpool.scheduler:run:93 - getter is dead
2022-02-09 23:39:25.325 | INFO     | accountpool.scheduler:run:94 - server is dead
2022-02-09 23:39:25.326 | INFO     | accountpool.scheduler:run:95 - accountpool terminated
2022-02-09 23:39:26.954 | INFO     | accountpool.scheduler:run:63 - starting account pool...
2022-02-09 23:39:26.956 | INFO     | accountpool.scheduler:run:66 - starting tester, pid None...
2022-02-09 23:39:26.962 | INFO     | accountpool.scheduler:run:71 - starting getter, pidNone...
2022-02-09 23:39:26.966 | INFO     | accountpool.scheduler:run:76 - starting server, pidNone...
2022-02-09 23:39:27.563 | DEBUG    | accountpool.scheduler:run_generator:46 - getter loop 0 start...
2022-02-09 23:39:27.563 | DEBUG    | accountpool.scheduler:run_tester:31 - tester loop 0 start...
2022-02-09 23:39:27.564 | DEBUG    | accountpool.processors.generator:run:39 - start to run generator
2022-02-09 23:39:27.566 | DEBUG    | accountpool.processors.generator:run:43 - start to generate credential of admin1
2022-02-09 23:39:28.180 | DEBUG    | accountpool.processors.generator:run:43 - start to generate credential of admin2
2022-02-09 23:39:28.794 | DEBUG    | accountpool.processors.generator:run:43 - start to generate credential of admin3
2022-02-09 23:39:29.397 | DEBUG    | accountpool.processors.generator:run:43 - start to generate credential of admin4
2022-02-09 23:39:30.004 | DEBUG    | accountpool.processors.generator:run:43 - start to generate credential of admin5
2022-02-09 23:39:30.511 | DEBUG    | accountpool.processors.generator:run:43 - start to generate credential of admin6
2022-02-09 23:39:31.201 | DEBUG    | accountpool.processors.generator:run:43 - start to generate credential of admin7
2022-02-09 23:39:31.669 | DEBUG    | accountpool.processors.generator:run:43 - start to generate credential of admin8
2022-02-09 23:39:32.151 | DEBUG    | accountpool.processors.generator:run:43 - start to generate credential of admin9
2022-02-09 23:39:32.679 | DEBUG    | accountpool.processors.generator:run:43 - start to generate credential of admin10
2022-02-09 23:39:33.142 | DEBUG    | accountpool.processors.generator:run:43 - start to generate credential of admin11
2022-02-09 23:39:33.552 | DEBUG    | accountpool.processors.generator:run:43 - start to generate credential of admin12
2022-02-09 23:39:34.154 | DEBUG    | accountpool.processors.generator:run:43 - start to generate credential of admin13
2022-02-09 23:39:34.656 | DEBUG    | accountpool.processors.generator:run:43 - start to generate credential of admin14
2022-02-09 23:39:35.013 | DEBUG    | accountpool.processors.generator:run:43 - start to generate credential of admin15
2022-02-09 23:39:35.489 | DEBUG    | accountpool.processors.generator:run:43 - start to generate credential of admin16
2022-02-09 23:39:36.167 | DEBUG    | accountpool.processors.generator:run:43 - start to generate credential of admin17
2022-02-09 23:39:36.782 | DEBUG    | accountpool.processors.generator:run:43 - start to generate credential of admin18
2022-02-09 23:39:37.561 | DEBUG    | accountpool.processors.generator:run:43 - start to generate credential of admin19
2022-02-09 23:39:38.359 | DEBUG    | accountpool.processors.generator:run:43 - start to generate credential of admin20
2022-02-09 23:39:38.755 | DEBUG    | accountpool.processors.generator:run:43 - start to generate credential of admin21
2022-02-09 23:39:39.422 | DEBUG    | accountpool.processors.generator:run:43 - start to generate credential of admin22
2022-02-09 23:39:40.391 | DEBUG    | accountpool.processors.generator:run:43 - start to generate credential of admin23
2022-02-09 23:39:40.877 | DEBUG    | accountpool.processors.generator:run:43 - start to generate credential of admin24
2022-02-09 23:39:41.363 | DEBUG    | accountpool.processors.generator:run:43 - start to generate credential of admin25
2022-02-09 23:39:41.981 | DEBUG    | accountpool.processors.generator:run:43 - start to generate credential of admin26
2022-02-09 23:39:42.462 | DEBUG    | accountpool.processors.generator:run:43 - start to generate credential of admin27
2022-02-09 23:39:43.051 | DEBUG    | accountpool.processors.generator:run:43 - start to generate credential of admin28
2022-02-09 23:39:43.722 | DEBUG    | accountpool.processors.generator:run:43 - start to generate credential of admin29
2022-02-09 23:39:44.210 | DEBUG    | accountpool.processors.generator:run:43 - start to generate credential of admin30
2022-02-09 23:39:44.680 | DEBUG    | accountpool.processors.generator:run:43 - start to generate credential of admin31
2022-02-09 23:39:45.290 | DEBUG    | accountpool.processors.generator:run:43 - start to generate credential of admin32
2022-02-09 23:39:46.176 | DEBUG    | accountpool.processors.generator:run:43 - start to generate credential of admin33
2022-02-09 23:39:47.045 | DEBUG    | accountpool.processors.generator:run:43 - start to generate credential of admin34
2022-02-09 23:39:47.523 | DEBUG    | accountpool.processors.generator:run:43 - start to generate credential of admin35
2022-02-09 23:39:47.935 | DEBUG    | accountpool.processors.generator:run:43 - start to generate credential of admin36
2022-02-09 23:39:48.406 | DEBUG    | accountpool.processors.generator:run:43 - start to generate credential of admin37
2022-02-09 23:39:48.790 | DEBUG    | accountpool.processors.generator:run:43 - start to generate credential of admin38
2022-02-09 23:39:49.518 | DEBUG    | accountpool.processors.generator:run:43 - start to generate credential of admin39
2022-02-09 23:39:50.405 | DEBUG    | accountpool.processors.generator:run:43 - start to generate credential of admin40
2022-02-09 23:39:51.941 | DEBUG    | accountpool.processors.generator:run:43 - start to generate credential of admin41
2022-02-09 23:39:52.627 | DEBUG    | accountpool.processors.generator:run:43 - start to generate credential of admin42
2022-02-09 23:39:52.933 | DEBUG    | accountpool.processors.generator:run:43 - start to generate credential of admin43
2022-02-09 23:39:53.180 | DEBUG    | accountpool.processors.generator:run:43 - start to generate credential of admin44
2022-02-09 23:39:53.864 | DEBUG    | accountpool.processors.generator:run:43 - start to generate credential of admin45
2022-02-09 23:39:54.547 | DEBUG    | accountpool.processors.generator:run:43 - start to generate credential of admin46
2022-02-09 23:39:55.504 | DEBUG    | accountpool.processors.generator:run:43 - start to generate credential of admin47
2022-02-09 23:39:55.844 | DEBUG    | accountpool.processors.generator:run:43 - start to generate credential of admin48
2022-02-09 23:39:56.374 | DEBUG    | accountpool.processors.generator:run:43 - start to generate credential of admin49
2022-02-09 23:39:56.987 | DEBUG    | accountpool.processors.generator:run:43 - start to generate credential of admin50
2022-02-09 23:39:57.489 | DEBUG    | accountpool.processors.generator:run:43 - start to generate credential of admin51
2022-02-09 23:39:58.161 | DEBUG    | accountpool.processors.generator:run:43 - start to generate credential of admin52
2022-02-09 23:39:58.611 | DEBUG    | accountpool.processors.generator:run:43 - start to generate credential of admin53
2022-02-09 23:39:59.149 | DEBUG    | accountpool.processors.generator:run:43 - start to generate credential of admin54
2022-02-09 23:39:59.724 | DEBUG    | accountpool.processors.generator:run:43 - start to generate credential of admin55
2022-02-09 23:40:00.618 | DEBUG    | accountpool.processors.generator:run:43 - start to generate credential of admin56
2022-02-09 23:40:00.978 | DEBUG    | accountpool.processors.generator:run:43 - start to generate credential of admin57
2022-02-09 23:40:02.204 | DEBUG    | accountpool.processors.generator:run:43 - start to generate credential of admin58
2022-02-09 23:40:03.479 | DEBUG    | accountpool.processors.generator:run:43 - start to generate credential of admin59
2022-02-09 23:40:03.899 | DEBUG    | accountpool.processors.generator:run:43 - start to generate credential of admin60
2022-02-09 23:40:04.603 | DEBUG    | accountpool.processors.generator:run:43 - start to generate credential of admin61
2022-02-09 23:40:05.095 | DEBUG    | accountpool.processors.generator:run:43 - start to generate credential of admin62
2022-02-09 23:40:05.905 | DEBUG    | accountpool.processors.generator:run:43 - start to generate credential of admin63
2022-02-09 23:40:06.283 | DEBUG    | accountpool.processors.generator:run:43 - start to generate credential of admin64
2022-02-09 23:40:06.817 | DEBUG    | accountpool.processors.generator:run:43 - start to generate credential of admin65
2022-02-09 23:40:07.438 | DEBUG    | accountpool.processors.generator:run:43 - start to generate credential of admin66
2022-02-09 23:40:07.869 | DEBUG    | accountpool.processors.generator:run:43 - start to generate credential of admin67
2022-02-09 23:40:08.209 | DEBUG    | accountpool.processors.generator:run:43 - start to generate credential of admin68
2022-02-09 23:40:08.867 | DEBUG    | accountpool.processors.generator:run:43 - start to generate credential of admin69
2022-02-09 23:40:09.566 | DEBUG    | accountpool.processors.generator:run:43 - start to generate credential of admin70
2022-02-09 23:40:10.175 | DEBUG    | accountpool.processors.generator:run:43 - start to generate credential of admin71
2022-02-09 23:40:10.690 | DEBUG    | accountpool.processors.generator:run:43 - start to generate credential of admin72
2022-02-09 23:40:11.304 | DEBUG    | accountpool.processors.generator:run:43 - start to generate credential of admin73
2022-02-09 23:40:11.949 | DEBUG    | accountpool.processors.generator:run:43 - start to generate credential of admin74
2022-02-09 23:40:12.289 | DEBUG    | accountpool.processors.generator:run:43 - start to generate credential of admin75
2022-02-09 23:40:12.864 | DEBUG    | accountpool.processors.generator:run:43 - start to generate credential of admin76
2022-02-09 23:40:13.290 | DEBUG    | accountpool.processors.generator:run:43 - start to generate credential of admin77
2022-02-09 23:40:13.844 | DEBUG    | accountpool.processors.generator:run:43 - start to generate credential of admin78
2022-02-09 23:40:14.365 | DEBUG    | accountpool.processors.generator:run:43 - start to generate credential of admin79
2022-02-09 23:40:14.716 | DEBUG    | accountpool.processors.generator:run:43 - start to generate credential of admin80
2022-02-09 23:40:14.987 | DEBUG    | accountpool.processors.generator:run:43 - start to generate credential of admin81
2022-02-09 23:40:15.251 | DEBUG    | accountpool.processors.generator:run:43 - start to generate credential of admin82
2022-02-09 23:40:15.734 | DEBUG    | accountpool.processors.generator:run:43 - start to generate credential of admin83
2022-02-09 23:40:15.987 | DEBUG    | accountpool.processors.generator:run:43 - start to generate credential of admin84
2022-02-09 23:40:16.650 | DEBUG    | accountpool.processors.generator:run:43 - start to generate credential of admin85
2022-02-09 23:40:17.204 | DEBUG    | accountpool.processors.generator:run:43 - start to generate credential of admin86
2022-02-09 23:40:17.891 | DEBUG    | accountpool.processors.generator:run:43 - start to generate credential of admin87
2022-02-09 23:40:18.340 | DEBUG    | accountpool.processors.generator:run:43 - start to generate credential of admin88
2022-02-09 23:40:19.183 | DEBUG    | accountpool.processors.generator:run:43 - start to generate credential of admin89
2022-02-09 23:40:19.588 | DEBUG    | accountpool.processors.generator:run:43 - start to generate credential of admin90
2022-02-09 23:40:20.004 | DEBUG    | accountpool.processors.generator:run:43 - start to generate credential of admin91
2022-02-09 23:40:20.578 | DEBUG    | accountpool.processors.generator:run:43 - start to generate credential of admin92
2022-02-09 23:40:21.133 | DEBUG    | accountpool.processors.generator:run:43 - start to generate credential of admin93
2022-02-09 23:40:21.378 | DEBUG    | accountpool.processors.generator:run:43 - start to generate credential of admin94
2022-02-09 23:40:22.002 | DEBUG    | accountpool.processors.generator:run:43 - start to generate credential of admin95
2022-02-09 23:40:22.371 | DEBUG    | accountpool.processors.generator:run:43 - start to generate credential of admin96
2022-02-09 23:40:22.738 | DEBUG    | accountpool.processors.generator:run:43 - start to generate credential of admin97
2022-02-09 23:40:23.443 | DEBUG    | accountpool.processors.generator:run:43 - start to generate credential of admin98
2022-02-09 23:40:23.793 | DEBUG    | accountpool.processors.generator:run:43 - start to generate credential of admin99
2022-02-09 23:40:24.444 | DEBUG    | accountpool.processors.generator:run:43 - start to generate credential of admin100
2022-02-09 23:45:52.301 | INFO     | accountpool.scheduler:run:83 - received keyboard interrupt signal
2022-02-09 23:45:52.305 | INFO     | accountpool.scheduler:run:92 - tester is dead
2022-02-09 23:45:52.306 | INFO     | accountpool.scheduler:run:93 - getter is dead
2022-02-09 23:45:52.309 | INFO     | accountpool.scheduler:run:94 - server is dead
2022-02-09 23:45:52.310 | INFO     | accountpool.scheduler:run:95 - accountpool terminated
