2022-01-09 21:17:02.984 | INFO     | accountpool.scheduler:run:63 - starting account pool for website https://antispider6.scrape.center/...
2022-01-09 21:17:02.985 | INFO     | accountpool.scheduler:run:66 - starting tester, pid None...
2022-01-09 21:17:02.991 | INFO     | accountpool.scheduler:run:71 - starting getter, pidNone...
2022-01-09 21:17:02.995 | INFO     | accountpool.scheduler:run:76 - starting server, pidNone...
2022-01-09 21:17:10.045 | INFO     | accountpool.scheduler:run:83 - received keyboard interrupt signal
2022-01-09 21:17:10.046 | INFO     | accountpool.scheduler:run:92 - tester is dead
2022-01-09 21:17:10.047 | INFO     | accountpool.scheduler:run:93 - getter is dead
2022-01-09 21:17:10.048 | INFO     | accountpool.scheduler:run:94 - server is dead
2022-01-09 21:17:10.053 | INFO     | accountpool.scheduler:run:95 - accountpool terminated
2022-01-09 21:17:18.324 | INFO     | accountpool.scheduler:run:63 - starting account pool for website https://antispider6.scrape.center/...
2022-01-09 21:17:18.325 | INFO     | accountpool.scheduler:run:66 - starting tester, pid None...
2022-01-09 21:17:18.331 | INFO     | accountpool.scheduler:run:71 - starting getter, pidNone...
2022-01-09 21:17:18.335 | INFO     | accountpool.scheduler:run:76 - starting server, pidNone...
2022-01-09 21:18:33.307 | INFO     | accountpool.scheduler:run:83 - received keyboard interrupt signal
2022-01-09 21:18:33.308 | INFO     | accountpool.scheduler:run:92 - tester is dead
2022-01-09 21:18:33.309 | INFO     | accountpool.scheduler:run:93 - getter is dead
2022-01-09 21:18:33.310 | INFO     | accountpool.scheduler:run:94 - server is dead
2022-01-09 21:18:33.310 | INFO     | accountpool.scheduler:run:95 - accountpool terminated
2022-01-09 21:20:40.271 | INFO     | accountpool.scheduler:run:63 - starting account pool for website https://antispider6.scrape.center/...
2022-01-09 21:20:40.272 | INFO     | accountpool.scheduler:run:66 - starting tester, pid None...
2022-01-09 21:20:40.280 | INFO     | accountpool.scheduler:run:71 - starting getter, pidNone...
2022-01-09 21:20:40.284 | INFO     | accountpool.scheduler:run:76 - starting server, pidNone...
2022-01-09 21:22:20.444 | INFO     | accountpool.scheduler:run:83 - received keyboard interrupt signal
2022-01-09 21:22:20.446 | INFO     | accountpool.scheduler:run:92 - tester is dead
2022-01-09 21:22:20.446 | INFO     | accountpool.scheduler:run:93 - getter is dead
2022-01-09 21:22:20.447 | INFO     | accountpool.scheduler:run:94 - server is dead
2022-01-09 21:22:20.448 | INFO     | accountpool.scheduler:run:95 - accountpool terminated
2022-01-09 21:22:27.038 | INFO     | accountpool.scheduler:run:63 - starting account pool for website antispider6...
2022-01-09 21:22:27.039 | INFO     | accountpool.scheduler:run:66 - starting tester, pid None...
2022-01-09 21:22:27.045 | INFO     | accountpool.scheduler:run:71 - starting getter, pidNone...
2022-01-09 21:22:27.049 | INFO     | accountpool.scheduler:run:76 - starting server, pidNone...
2022-01-09 21:22:27.613 | DEBUG    | accountpool.scheduler:run_tester:31 - tester loop 0 start...
2022-01-09 21:22:27.613 | DEBUG    | accountpool.scheduler:run_generator:46 - getter loop 0 start...
2022-01-09 21:22:27.615 | DEBUG    | accountpool.processors.generator:run:39 - start to run generator
2022-01-09 21:22:27.616 | DEBUG    | accountpool.processors.generator:run:43 - start to generate credential of admin
2022-01-09 21:22:39.436 | DEBUG    | accountpool.processors.generator:generate:78 - get credential sessionid=sajb896hlu7glmrm158eox5vsovzyrwc
2022-01-09 21:22:39.439 | DEBUG    | accountpool.processors.generator:run:43 - start to generate credential of admin2
2022-01-09 21:22:45.027 | DEBUG    | accountpool.processors.server:random:40 - get credential sessionid=sajb896hlu7glmrm158eox5vsovzyrwc
2022-01-09 21:22:50.732 | DEBUG    | accountpool.processors.generator:generate:78 - get credential sessionid=gthfm15glaz068ovho3s62unypywabsc
2022-01-09 21:24:26.545 | DEBUG    | accountpool.processors.server:random:40 - get credential sessionid=gthfm15glaz068ovho3s62unypywabsc
2022-01-09 21:24:29.456 | DEBUG    | accountpool.processors.server:random:40 - get credential sessionid=gthfm15glaz068ovho3s62unypywabsc
2022-01-09 21:24:31.057 | DEBUG    | accountpool.processors.server:random:40 - get credential sessionid=gthfm15glaz068ovho3s62unypywabsc
2022-01-09 21:24:32.390 | DEBUG    | accountpool.processors.server:random:40 - get credential sessionid=sajb896hlu7glmrm158eox5vsovzyrwc
2022-01-09 21:24:35.273 | DEBUG    | accountpool.processors.server:random:40 - get credential sessionid=gthfm15glaz068ovho3s62unypywabsc
2022-01-09 21:24:37.389 | DEBUG    | accountpool.processors.server:random:40 - get credential sessionid=sajb896hlu7glmrm158eox5vsovzyrwc
2022-01-09 21:24:38.956 | DEBUG    | accountpool.processors.server:random:40 - get credential sessionid=gthfm15glaz068ovho3s62unypywabsc
2022-01-09 21:25:41.947 | INFO     | accountpool.scheduler:run:83 - received keyboard interrupt signal
2022-01-09 21:25:41.952 | INFO     | accountpool.scheduler:run:92 - tester is dead
2022-01-09 21:25:41.953 | INFO     | accountpool.scheduler:run:93 - getter is dead
2022-01-09 21:25:41.953 | INFO     | accountpool.scheduler:run:94 - server is dead
2022-01-09 21:25:41.954 | INFO     | accountpool.scheduler:run:95 - accountpool terminated
2022-01-09 21:25:45.104 | INFO     | accountpool.scheduler:run:63 - starting account pool for website antispider6...
2022-01-09 21:25:45.107 | INFO     | accountpool.scheduler:run:66 - starting tester, pid None...
2022-01-09 21:25:45.113 | INFO     | accountpool.scheduler:run:71 - starting getter, pidNone...
2022-01-09 21:25:45.117 | INFO     | accountpool.scheduler:run:76 - starting server, pidNone...
2022-01-09 21:25:45.705 | DEBUG    | accountpool.scheduler:run_generator:46 - getter loop 0 start...
2022-01-09 21:25:45.706 | DEBUG    | accountpool.scheduler:run_tester:31 - tester loop 0 start...
2022-01-09 21:25:45.707 | INFO     | accountpool.processors.tester:test:51 - testing credential for admin
2022-01-09 21:25:45.707 | DEBUG    | accountpool.processors.generator:run:39 - start to run generator
2022-01-09 21:25:47.064 | INFO     | accountpool.processors.tester:test:58 - credential is valid
2022-01-09 21:25:47.065 | INFO     | accountpool.processors.tester:test:51 - testing credential for admin2
2022-01-09 21:25:49.129 | INFO     | accountpool.processors.tester:test:58 - credential is valid
2022-01-09 21:35:45.721 | DEBUG    | accountpool.scheduler:run_generator:46 - getter loop 1 start...
2022-01-09 21:35:45.723 | DEBUG    | accountpool.processors.generator:run:39 - start to run generator
2022-01-09 21:35:49.140 | DEBUG    | accountpool.scheduler:run_tester:31 - tester loop 1 start...
2022-01-09 21:35:49.141 | INFO     | accountpool.processors.tester:test:51 - testing credential for admin
2022-01-09 21:35:50.777 | INFO     | accountpool.processors.tester:test:58 - credential is valid
2022-01-09 21:35:50.778 | INFO     | accountpool.processors.tester:test:51 - testing credential for admin2
2022-01-09 21:35:52.261 | INFO     | accountpool.processors.tester:test:58 - credential is valid
2022-01-09 21:45:45.730 | DEBUG    | accountpool.scheduler:run_generator:46 - getter loop 2 start...
2022-01-09 21:45:45.732 | DEBUG    | accountpool.processors.generator:run:39 - start to run generator
2022-01-09 21:45:52.264 | DEBUG    | accountpool.scheduler:run_tester:31 - tester loop 2 start...
2022-01-09 21:45:52.265 | INFO     | accountpool.processors.tester:test:51 - testing credential for admin
2022-01-09 21:45:54.310 | INFO     | accountpool.processors.tester:test:58 - credential is valid
2022-01-09 21:45:54.312 | INFO     | accountpool.processors.tester:test:51 - testing credential for admin2
2022-01-09 21:45:55.796 | INFO     | accountpool.processors.tester:test:58 - credential is valid
2022-01-09 21:47:36.073 | INFO     | accountpool.scheduler:run:83 - received keyboard interrupt signal
2022-01-09 21:47:36.077 | INFO     | accountpool.scheduler:run:92 - tester is dead
2022-01-09 21:47:36.078 | INFO     | accountpool.scheduler:run:93 - getter is dead
2022-01-09 21:47:36.079 | INFO     | accountpool.scheduler:run:94 - server is dead
2022-01-09 21:47:36.080 | INFO     | accountpool.scheduler:run:95 - accountpool terminated
2022-01-09 21:51:28.219 | INFO     | accountpool.scheduler:run:63 - starting account pool for website antispider6...
2022-01-09 21:51:28.223 | INFO     | accountpool.scheduler:run:66 - starting tester, pid None...
2022-01-09 21:51:28.229 | INFO     | accountpool.scheduler:run:71 - starting getter, pidNone...
2022-01-09 21:51:28.232 | INFO     | accountpool.scheduler:run:76 - starting server, pidNone...
2022-01-09 21:51:28.795 | DEBUG    | accountpool.scheduler:run_tester:31 - tester loop 0 start...
.
2022-01-09 21:51:28.797 | DEBUG    | accountpool.processors.generator:run:39 - start to run generator
2022-01-09 21:51:28.799 | DEBUG    | accountpool.processors.generator:run:43 - start to generate credential of admin1
2022-01-09 21:51:41.016 | DEBUG    | accountpool.processors.generator:generate:78 - get credential sessionid=t1isnmbic2rv8vydkdp9d9htpj1n8sfb
2022-01-09 21:51:41.019 | DEBUG    | accountpool.processors.generator:run:43 - start to generate credential of admin2
2022-01-09 21:51:53.295 | DEBUG    | accountpool.processors.generator:generate:78 - get credential sessionid=lk04g749dextgx62jmo8bynkxhjelt17
2022-01-09 21:51:53.297 | DEBUG    | accountpool.processors.generator:run:43 - start to generate credential of admin3
2022-01-09 21:52:04.306 | DEBUG    | accountpool.processors.generator:generate:78 - get credential sessionid=t9sq3rjrsfk7c39891frmint2amy0568
2022-01-09 21:52:04.308 | DEBUG    | accountpool.processors.generator:run:43 - start to generate credential of admin4
2022-01-09 21:52:15.749 | DEBUG    | accountpool.processors.generator:generate:78 - get credential sessionid=mhsynrnp8gknpjtl91g06rkb2q9i1ade
2022-01-09 21:52:15.751 | DEBUG    | accountpool.processors.generator:run:43 - start to generate credential of admin5
2022-01-09 21:52:26.924 | DEBUG    | accountpool.processors.generator:generate:78 - get credential sessionid=l0j563xq88l2ea8fh2aj8mic5hfr6ynl
2022-01-09 21:52:26.926 | DEBUG    | accountpool.processors.generator:run:43 - start to generate credential of admin6
2022-01-09 21:53:41.797 | INFO     | accountpool.scheduler:run:83 - received keyboard interrupt signal
2022-01-09 21:53:41.802 | INFO     | accountpool.scheduler:run:92 - tester is dead
2022-01-09 21:53:41.803 | INFO     | accountpool.scheduler:run:93 - getter is dead
2022-01-09 21:53:41.804 | INFO     | accountpool.scheduler:run:94 - server is dead
2022-01-09 21:53:41.804 | INFO     | accountpool.scheduler:run:95 - accountpool terminated
2022-01-09 21:53:44.235 | INFO     | accountpool.scheduler:run:63 - starting account pool for website antispider6...
2022-01-09 21:53:44.237 | INFO     | accountpool.scheduler:run:66 - starting tester, pid None...
2022-01-09 21:53:44.243 | INFO     | accountpool.scheduler:run:71 - starting getter, pidNone...
2022-01-09 21:53:44.247 | INFO     | accountpool.scheduler:run:76 - starting server, pidNone...
2022-01-09 21:53:44.809 | DEBUG    | accountpool.scheduler:run_generator:46 - getter loop 0 start...
2022-01-09 21:53:44.809 | DEBUG    | accountpool.scheduler:run_tester:31 - tester loop 0 start...
2022-01-09 21:53:44.810 | DEBUG    | accountpool.processors.generator:run:39 - start to run generator
2022-01-09 21:53:44.811 | INFO     | accountpool.processors.tester:test:51 - testing credential for admin1
2022-01-09 21:53:44.812 | DEBUG    | accountpool.processors.generator:run:43 - start to generate credential of admin6
2022-01-09 21:53:56.925 | DEBUG    | accountpool.processors.generator:generate:78 - get credential sessionid=0cwpx1y9k23w1vtith58b6cnz8ylqayg
2022-01-09 21:53:56.928 | DEBUG    | accountpool.processors.generator:run:43 - start to generate credential of admin7
2022-01-09 21:54:00.716 | DEBUG    | accountpool.processors.server:random:40 - get credential sessionid=t9sq3rjrsfk7c39891frmint2amy0568
2022-01-09 21:54:03.307 | DEBUG    | accountpool.processors.server:random:40 - get credential sessionid=t1isnmbic2rv8vydkdp9d9htpj1n8sfb
2022-01-09 21:54:06.568 | DEBUG    | accountpool.processors.generator:generate:78 - get credential 
2022-01-09 21:54:06.570 | DEBUG    | accountpool.processors.generator:run:43 - start to generate credential of admin8
2022-01-09 21:54:17.423 | DEBUG    | accountpool.processors.generator:generate:78 - get credential sessionid=psuakn8pqz3b8tgb6wtxuxpf39otjo2p
2022-01-09 21:54:17.425 | DEBUG    | accountpool.processors.generator:run:43 - start to generate credential of admin9
2022-01-09 21:54:28.823 | DEBUG    | accountpool.processors.generator:generate:78 - get credential sessionid=tfbq0q1fmwg8tzhnswiiseqkngj790q6
2022-01-09 21:54:28.825 | DEBUG    | accountpool.processors.generator:run:43 - start to generate credential of admin10
2022-01-09 21:54:39.678 | DEBUG    | accountpool.processors.generator:generate:78 - get credential sessionid=egobxnmzxvhh1oq2jezl9k4lxy4xzar9
2022-01-09 21:54:39.680 | DEBUG    | accountpool.processors.generator:run:43 - start to generate credential of admin11
2022-01-09 21:54:50.524 | DEBUG    | accountpool.processors.generator:generate:78 - get credential sessionid=hyrasrdsr4btndghe9fb8kcffpg3sud3
2022-01-09 21:54:50.527 | DEBUG    | accountpool.processors.generator:run:43 - start to generate credential of admin12
2022-01-09 21:55:01.524 | DEBUG    | accountpool.processors.generator:generate:78 - get credential sessionid=1vznc3vh1gp8krlsgweb7y3p03yb3pc3
2022-01-09 21:55:01.527 | DEBUG    | accountpool.processors.generator:run:43 - start to generate credential of admin13
2022-01-09 21:55:12.209 | DEBUG    | accountpool.processors.generator:generate:78 - get credential sessionid=9o79vx2piuf4xuiy156w6843atiosk26
2022-01-09 21:55:12.212 | DEBUG    | accountpool.processors.generator:run:43 - start to generate credential of admin14
2022-01-09 21:55:22.220 | DEBUG    | accountpool.processors.generator:generate:78 - get credential sessionid=8nrv7fx58sfbbfg3vgkiffctt9jqz8jt
2022-01-09 21:55:22.222 | DEBUG    | accountpool.processors.generator:run:43 - start to generate credential of admin15
2022-01-09 21:55:33.425 | DEBUG    | accountpool.processors.generator:generate:78 - get credential sessionid=3dnheqp6nodejnjoc8cwy0u4fsctocxy
2022-01-09 21:55:33.427 | DEBUG    | accountpool.processors.generator:run:43 - start to generate credential of admin16
2022-01-09 21:55:44.229 | DEBUG    | accountpool.processors.generator:generate:78 - get credential sessionid=gouruz0pwoqetgi04qhnummbfxtep5xz
2022-01-09 21:55:44.231 | DEBUG    | accountpool.processors.generator:run:43 - start to generate credential of admin17
2022-01-09 21:55:55.621 | DEBUG    | accountpool.processors.generator:generate:78 - get credential sessionid=ii0omdlw0tvfo40qpkdg6iwin4zn5om3
2022-01-09 21:55:55.623 | DEBUG    | accountpool.processors.generator:run:43 - start to generate credential of admin18
2022-01-09 21:56:06.725 | DEBUG    | accountpool.processors.generator:generate:78 - get credential sessionid=zpt2comerzjse16yg9wb3pr3waihm41p
2022-01-09 21:56:06.728 | DEBUG    | accountpool.processors.generator:run:43 - start to generate credential of admin19
2022-01-09 21:56:17.023 | DEBUG    | accountpool.processors.generator:generate:78 - get credential sessionid=a97w62olsrxc15y9jr1mxvnnchcj67j9
2022-01-09 21:56:17.025 | DEBUG    | accountpool.processors.generator:run:43 - start to generate credential of admin20
2022-01-09 21:56:28.495 | DEBUG    | accountpool.processors.generator:generate:78 - get credential sessionid=35zju8aireu36fvun90dzgwad9iqkvp7
2022-01-09 21:56:28.497 | DEBUG    | accountpool.processors.generator:run:43 - start to generate credential of admin21
2022-01-09 21:56:39.652 | DEBUG    | accountpool.processors.generator:generate:78 - get credential sessionid=rgc3gfapqmd2jotrs7gj4zzzeisou3dg
2022-01-09 21:56:39.654 | DEBUG    | accountpool.processors.generator:run:43 - start to generate credential of admin22
2022-01-09 21:56:51.150 | DEBUG    | accountpool.processors.generator:generate:78 - get credential sessionid=4ednsw5edo6a6os6g53ejsu1ytpynn8p
2022-01-09 21:56:51.152 | DEBUG    | accountpool.processors.generator:run:43 - start to generate credential of admin23
2022-01-09 21:58:23.232 | INFO     | accountpool.scheduler:run:83 - received keyboard interrupt signal
2022-01-09 21:58:23.233 | INFO     | accountpool.scheduler:run:92 - tester is dead
2022-01-09 21:58:23.234 | INFO     | accountpool.scheduler:run:93 - getter is dead
2022-01-09 21:58:23.234 | INFO     | accountpool.scheduler:run:94 - server is dead
2022-01-09 21:58:23.235 | INFO     | accountpool.scheduler:run:95 - accountpool terminated
2022-01-09 21:58:25.906 | INFO     | accountpool.scheduler:run:63 - starting account pool for website antispider6...
2022-01-09 21:58:25.908 | INFO     | accountpool.scheduler:run:66 - starting tester, pid None...
2022-01-09 21:58:25.914 | INFO     | accountpool.scheduler:run:71 - starting getter, pidNone...
2022-01-09 21:58:25.918 | INFO     | accountpool.scheduler:run:76 - starting server, pidNone...
2022-01-09 21:58:26.499 | DEBUG    | accountpool.scheduler:run_generator:46 - getter loop 0 start...
2022-01-09 21:58:26.500 | DEBUG    | accountpool.processors.generator:run:39 - start to run generator
2022-01-09 21:58:26.501 | INFO     | accountpool.processors.tester:test:51 - testing credential for admin1
2022-01-09 21:58:26.503 | DEBUG    | accountpool.processors.generator:run:43 - start to generate credential of admin7
2022-01-09 21:58:36.925 | DEBUG    | accountpool.processors.generator:generate:78 - get credential 
2022-01-09 21:58:36.929 | DEBUG    | accountpool.processors.generator:run:43 - start to generate credential of admin23
2022-01-09 22:01:43.226 | INFO     | accountpool.scheduler:run:83 - received keyboard interrupt signal
2022-01-09 22:01:43.227 | INFO     | accountpool.scheduler:run:92 - tester is dead
2022-01-09 22:01:43.228 | INFO     | accountpool.scheduler:run:93 - getter is dead
2022-01-09 22:01:43.228 | INFO     | accountpool.scheduler:run:94 - server is dead
2022-01-09 22:01:43.229 | INFO     | accountpool.scheduler:run:95 - accountpool terminated
2022-01-09 22:01:45.079 | INFO     | accountpool.scheduler:run:63 - starting account pool for website antispider6...
2022-01-09 22:01:45.082 | INFO     | accountpool.scheduler:run:66 - starting tester, pid None...
2022-01-09 22:01:45.088 | INFO     | accountpool.scheduler:run:71 - starting getter, pidNone...
2022-01-09 22:01:45.092 | INFO     | accountpool.scheduler:run:76 - starting server, pidNone...
2022-01-09 22:01:45.666 | DEBUG    | accountpool.scheduler:run_tester:31 - tester loop 0 start...
2022-01-09 22:01:45.667 | DEBUG    | accountpool.scheduler:run_generator:46 - getter loop 0 start...
2022-01-09 22:01:45.668 | INFO     | accountpool.processors.tester:test:51 - testing credential for admin1
2022-01-09 22:01:45.668 | DEBUG    | accountpool.processors.generator:run:39 - start to run generator
2022-01-09 22:01:45.670 | DEBUG    | accountpool.processors.generator:run:43 - start to generate credential of admin7
2022-01-09 22:01:46.949 | INFO     | accountpool.processors.tester:test:58 - credential is valid
2022-01-09 22:01:46.951 | INFO     | accountpool.processors.tester:test:51 - testing credential for admin2
2022-01-09 22:01:55.327 | DEBUG    | accountpool.processors.generator:generate:78 - get credential 
2022-01-09 22:01:55.330 | DEBUG    | accountpool.processors.generator:run:43 - start to generate credential of admin23
2022-01-09 22:02:04.424 | DEBUG    | accountpool.processors.generator:generate:78 - get credential 
2022-01-09 22:02:04.426 | DEBUG    | accountpool.processors.generator:run:43 - start to generate credential of admin24
2022-01-09 22:02:16.604 | DEBUG    | accountpool.processors.generator:generate:78 - get credential sessionid=ff4lt12p0dxk2nr9rca86an1l87me5tl
2022-01-09 22:02:16.607 | DEBUG    | accountpool.processors.generator:run:43 - start to generate credential of admin25
2022-01-09 22:02:28.037 | DEBUG    | accountpool.processors.generator:generate:78 - get credential sessionid=9034e5ezef9w1by9e6jtm5nji1c4mdsq
2022-01-09 22:02:28.040 | DEBUG    | accountpool.processors.generator:run:43 - start to generate credential of admin26
2022-01-09 22:02:39.047 | DEBUG    | accountpool.processors.generator:generate:78 - get credential sessionid=ss63qlmst214mamds7r28nuneo123dy4
2022-01-09 22:02:39.050 | DEBUG    | accountpool.processors.generator:run:43 - start to generate credential of admin27
2022-01-09 22:02:50.257 | DEBUG    | accountpool.processors.generator:generate:78 - get credential sessionid=1ouzjtipn9pf49x9mobo23lswvbmw020
2022-01-09 22:02:50.259 | DEBUG    | accountpool.processors.generator:run:43 - start to generate credential of admin28
2022-01-09 22:03:02.174 | DEBUG    | accountpool.processors.generator:generate:78 - get credential sessionid=3eab7h32o64oa4u9k7bzh80qgjsrm6aw
2022-01-09 22:03:02.177 | DEBUG    | accountpool.processors.generator:run:43 - start to generate credential of admin29
2022-01-09 22:03:11.725 | DEBUG    | accountpool.processors.generator:generate:78 - get credential 
2022-01-09 22:03:11.728 | DEBUG    | accountpool.processors.generator:run:43 - start to generate credential of admin30
2022-01-09 22:03:23.065 | DEBUG    | accountpool.processors.generator:generate:78 - get credential sessionid=bg54gjplzx45ocmyquh88fgxwcttln4m
2022-01-09 22:03:23.070 | DEBUG    | accountpool.processors.generator:run:43 - start to generate credential of admin31
2022-01-09 22:03:34.255 | DEBUG    | accountpool.processors.generator:generate:78 - get credential sessionid=toa0q63hsp8zybbrjgj408b41198eg1z
2022-01-09 22:03:34.257 | DEBUG    | accountpool.processors.generator:run:43 - start to generate credential of admin32
2022-01-09 22:03:45.160 | DEBUG    | accountpool.processors.generator:generate:78 - get credential sessionid=fd2o47f4437jdpmmmwcz4h21fdh1znad
2022-01-09 22:03:45.163 | DEBUG    | accountpool.processors.generator:run:43 - start to generate credential of admin33
2022-01-09 22:03:56.262 | DEBUG    | accountpool.processors.generator:generate:78 - get credential sessionid=l6r1ahmp2hsbfg0q9t03hae7mk95ows2
2022-01-09 22:03:56.264 | DEBUG    | accountpool.processors.generator:run:43 - start to generate credential of admin34
2022-01-09 22:04:06.134 | DEBUG    | accountpool.processors.generator:generate:78 - get credential 
2022-01-09 22:04:06.137 | DEBUG    | accountpool.processors.generator:run:43 - start to generate credential of admin35
2022-01-09 22:04:18.174 | DEBUG    | accountpool.processors.generator:generate:78 - get credential sessionid=gg77faoxgyvf3c904pwa2uft90llt0ir
2022-01-09 22:04:18.176 | DEBUG    | accountpool.processors.generator:run:43 - start to generate credential of admin36
2022-01-09 22:04:29.950 | DEBUG    | accountpool.processors.generator:generate:78 - get credential sessionid=1dahhcjkyi4klt0ibxt5n1y3qi0rynmo
2022-01-09 22:04:29.953 | DEBUG    | accountpool.processors.generator:run:43 - start to generate credential of admin37
2022-01-09 22:04:40.570 | DEBUG    | accountpool.processors.generator:generate:78 - get credential sessionid=97m3zsn01oo4jpdexsf9edn4o9v7nhot
2022-01-09 22:04:40.572 | DEBUG    | accountpool.processors.generator:run:43 - start to generate credential of admin38
2022-01-09 22:04:51.166 | DEBUG    | accountpool.processors.generator:generate:78 - get credential sessionid=wshgq3mmq7rx191z8zfs7p0cxz1rte8l
2022-01-09 22:04:51.168 | DEBUG    | accountpool.processors.generator:run:43 - start to generate credential of admin39
2022-01-09 22:05:02.843 | DEBUG    | accountpool.processors.generator:generate:78 - get credential sessionid=af7s0jk2puhpm93obcenl2b0cqf1j6by
2022-01-09 22:05:02.846 | DEBUG    | accountpool.processors.generator:run:43 - start to generate credential of admin40
2022-01-09 22:05:13.842 | DEBUG    | accountpool.processors.generator:generate:78 - get credential sessionid=ygia3zaeee4ki7mopu04amke5fmkc87y
2022-01-09 22:05:13.844 | DEBUG    | accountpool.processors.generator:run:43 - start to generate credential of admin41
2022-01-09 22:05:24.653 | DEBUG    | accountpool.processors.generator:generate:78 - get credential sessionid=8hwrsl6wsat76zeg79fh7wwgn7ho3egv
2022-01-09 22:05:24.656 | DEBUG    | accountpool.processors.generator:run:43 - start to generate credential of admin42
2022-01-09 22:05:34.404 | DEBUG    | accountpool.processors.server:random:40 - get credential sessionid=t9sq3rjrsfk7c39891frmint2amy0568
2022-01-09 22:05:34.405 | DEBUG    | accountpool.processors.server:random:40 - get credential sessionid=fd2o47f4437jdpmmmwcz4h21fdh1znad
2022-01-09 22:05:37.650 | DEBUG    | accountpool.processors.generator:generate:78 - get credential sessionid=45pmt6tfo76pwv7xunvmgcr7yp345jkk
2022-01-09 22:05:37.653 | DEBUG    | accountpool.processors.generator:run:43 - start to generate credential of admin43
2022-01-09 22:06:48.452 | DEBUG    | accountpool.processors.server:random:40 - get credential sessionid=4ednsw5edo6a6os6g53ejsu1ytpynn8p
2022-01-09 22:06:48.452 | DEBUG    | accountpool.processors.server:random:40 - get credential sessionid=3eab7h32o64oa4u9k7bzh80qgjsrm6aw
2022-01-09 22:07:03.788 | INFO     | accountpool.scheduler:run:83 - received keyboard interrupt signal
2022-01-09 22:07:03.789 | INFO     | accountpool.scheduler:run:92 - tester is dead
2022-01-09 22:07:03.790 | INFO     | accountpool.scheduler:run:93 - getter is dead
2022-01-09 22:07:03.790 | INFO     | accountpool.scheduler:run:94 - server is dead
2022-01-09 22:07:03.791 | INFO     | accountpool.scheduler:run:95 - accountpool terminated
2022-01-09 22:07:06.003 | INFO     | accountpool.scheduler:run:63 - starting account pool for website antispider6...
2022-01-09 22:07:06.004 | INFO     | accountpool.scheduler:run:66 - starting tester, pid None...
2022-01-09 22:07:06.010 | INFO     | accountpool.scheduler:run:71 - starting getter, pidNone...
2022-01-09 22:07:06.014 | INFO     | accountpool.scheduler:run:76 - starting server, pidNone...
2022-01-09 22:07:06.604 | DEBUG    | accountpool.scheduler:run_generator:46 - getter loop 0 start...
2022-01-09 22:07:06.604 | DEBUG    | accountpool.scheduler:run_tester:31 - tester loop 0 start...
2022-01-09 22:07:06.606 | DEBUG    | accountpool.processors.generator:run:39 - start to run generator
2022-01-09 22:07:06.606 | INFO     | accountpool.processors.tester:test:51 - testing credential for admin1
2022-01-09 22:07:06.608 | DEBUG    | accountpool.processors.generator:run:43 - start to generate credential of admin7
2022-01-09 22:07:15.332 | DEBUG    | accountpool.processors.generator:generate:78 - get credential 
2022-01-09 22:07:15.336 | DEBUG    | accountpool.processors.generator:run:43 - start to generate credential of admin23
2022-01-09 22:07:25.592 | DEBUG    | accountpool.processors.server:random:40 - get credential sessionid=a97w62olsrxc15y9jr1mxvnnchcj67j9
2022-01-09 22:07:25.593 | DEBUG    | accountpool.processors.server:random:40 - get credential 
2022-01-09 22:07:40.347 | DEBUG    | accountpool.processors.server:random:40 - get credential sessionid=psuakn8pqz3b8tgb6wtxuxpf39otjo2p
2022-01-09 22:07:40.347 | DEBUG    | accountpool.processors.server:random:40 - get credential sessionid=rgc3gfapqmd2jotrs7gj4zzzeisou3dg
2022-01-09 22:07:42.066 | DEBUG    | accountpool.processors.server:random:40 - get credential sessionid=gouruz0pwoqetgi04qhnummbfxtep5xz
2022-01-09 22:07:42.066 | DEBUG    | accountpool.processors.server:random:40 - get credential sessionid=1ouzjtipn9pf49x9mobo23lswvbmw020
2022-01-09 22:07:43.392 | DEBUG    | accountpool.processors.server:random:40 - get credential sessionid=35zju8aireu36fvun90dzgwad9iqkvp7
2022-01-09 22:07:43.392 | DEBUG    | accountpool.processors.server:random:40 - get credential sessionid=1dahhcjkyi4klt0ibxt5n1y3qi0rynmo
2022-01-09 22:10:01.494 | INFO     | accountpool.scheduler:run:83 - received keyboard interrupt signal
2022-01-09 22:10:01.495 | INFO     | accountpool.scheduler:run:92 - tester is dead
2022-01-09 22:10:01.496 | INFO     | accountpool.scheduler:run:93 - getter is dead
2022-01-09 22:10:01.497 | INFO     | accountpool.scheduler:run:94 - server is dead
2022-01-09 22:10:01.497 | INFO     | accountpool.scheduler:run:95 - accountpool terminated
2022-01-09 22:11:18.044 | INFO     | accountpool.scheduler:run:63 - starting account pool for website antispider6...
2022-01-09 22:11:18.045 | INFO     | accountpool.scheduler:run:66 - starting tester, pid None...
2022-01-09 22:11:18.051 | INFO     | accountpool.scheduler:run:71 - starting getter, pidNone...
2022-01-09 22:11:18.055 | INFO     | accountpool.scheduler:run:76 - starting server, pidNone...
2022-01-09 22:11:18.650 | DEBUG    | accountpool.scheduler:run_tester:31 - tester loop 0 start...
2022-01-09 22:11:18.650 | DEBUG    | accountpool.scheduler:run_generator:46 - getter loop 0 start...
2022-01-09 22:11:18.652 | INFO     | accountpool.processors.tester:test:51 - testing credential for admin1
2022-01-09 22:11:18.652 | DEBUG    | accountpool.processors.generator:run:39 - start to run generator
2022-01-09 22:11:18.654 | DEBUG    | accountpool.processors.generator:run:43 - start to generate credential of admin7
2022-01-09 22:11:18.665 | INFO     | accountpool.processors.tester:test:63 - test failed
2022-01-09 22:11:18.666 | INFO     | accountpool.processors.tester:test:51 - testing credential for admin2
2022-01-09 22:11:18.676 | INFO     | accountpool.processors.tester:test:63 - test failed
2022-01-09 22:11:18.678 | INFO     | accountpool.processors.tester:test:51 - testing credential for admin3
2022-01-09 22:11:18.689 | INFO     | accountpool.processors.tester:test:63 - test failed
2022-01-09 22:11:18.690 | INFO     | accountpool.processors.tester:test:51 - testing credential for admin4
2022-01-09 22:11:18.701 | INFO     | accountpool.processors.tester:test:63 - test failed
2022-01-09 22:11:18.703 | INFO     | accountpool.processors.tester:test:51 - testing credential for admin5
2022-01-09 22:11:18.730 | INFO     | accountpool.processors.tester:test:63 - test failed
2022-01-09 22:11:18.732 | INFO     | accountpool.processors.tester:test:51 - testing credential for admin6
2022-01-09 22:11:18.742 | INFO     | accountpool.processors.tester:test:63 - test failed
2022-01-09 22:11:18.743 | INFO     | accountpool.processors.tester:test:51 - testing credential for admin7
2022-01-09 22:11:18.753 | INFO     | accountpool.processors.tester:test:63 - test failed
2022-01-09 22:11:18.754 | INFO     | accountpool.processors.tester:test:51 - testing credential for admin8
2022-01-09 22:11:18.778 | INFO     | accountpool.processors.tester:test:63 - test failed
2022-01-09 22:11:18.779 | INFO     | accountpool.processors.tester:test:51 - testing credential for admin9
2022-01-09 22:11:18.809 | INFO     | accountpool.processors.tester:test:63 - test failed
2022-01-09 22:11:18.810 | INFO     | accountpool.processors.tester:test:51 - testing credential for admin10
2022-01-09 22:11:18.840 | INFO     | accountpool.processors.tester:test:63 - test failed
2022-01-09 22:11:18.841 | INFO     | accountpool.processors.tester:test:51 - testing credential for admin11
2022-01-09 22:11:18.851 | INFO     | accountpool.processors.tester:test:63 - test failed
2022-01-09 22:11:18.853 | INFO     | accountpool.processors.tester:test:51 - testing credential for admin12
2022-01-09 22:11:18.862 | INFO     | accountpool.processors.tester:test:63 - test failed
2022-01-09 22:11:18.864 | INFO     | accountpool.processors.tester:test:51 - testing credential for admin13
2022-01-09 22:11:18.887 | INFO     | accountpool.processors.tester:test:63 - test failed
2022-01-09 22:11:18.889 | INFO     | accountpool.processors.tester:test:51 - testing credential for admin14
2022-01-09 22:11:18.918 | INFO     | accountpool.processors.tester:test:63 - test failed
2022-01-09 22:11:18.920 | INFO     | accountpool.processors.tester:test:51 - testing credential for admin15
2022-01-09 22:11:18.950 | INFO     | accountpool.processors.tester:test:63 - test failed
2022-01-09 22:11:18.952 | INFO     | accountpool.processors.tester:test:51 - testing credential for admin16
2022-01-09 22:11:18.982 | INFO     | accountpool.processors.tester:test:63 - test failed
2022-01-09 22:11:18.983 | INFO     | accountpool.processors.tester:test:51 - testing credential for admin17
2022-01-09 22:11:19.013 | INFO     | accountpool.processors.tester:test:63 - test failed
2022-01-09 22:11:19.015 | INFO     | accountpool.processors.tester:test:51 - testing credential for admin18
2022-01-09 22:11:19.045 | INFO     | accountpool.processors.tester:test:63 - test failed
2022-01-09 22:11:19.047 | INFO     | accountpool.processors.tester:test:51 - testing credential for admin19
2022-01-09 22:11:19.077 | INFO     | accountpool.processors.tester:test:63 - test failed
2022-01-09 22:11:19.079 | INFO     | accountpool.processors.tester:test:51 - testing credential for admin20
2022-01-09 22:11:19.109 | INFO     | accountpool.processors.tester:test:63 - test failed
2022-01-09 22:11:19.111 | INFO     | accountpool.processors.tester:test:51 - testing credential for admin21
2022-01-09 22:11:19.121 | INFO     | accountpool.processors.tester:test:63 - test failed
2022-01-09 22:11:19.122 | INFO     | accountpool.processors.tester:test:51 - testing credential for admin22
2022-01-09 22:11:19.155 | INFO     | accountpool.processors.tester:test:63 - test failed
2022-01-09 22:11:19.157 | INFO     | accountpool.processors.tester:test:51 - testing credential for admin23
2022-01-09 22:11:19.186 | INFO     | accountpool.processors.tester:test:63 - test failed
2022-01-09 22:11:19.188 | INFO     | accountpool.processors.tester:test:51 - testing credential for admin24
2022-01-09 22:11:19.218 | INFO     | accountpool.processors.tester:test:63 - test failed
2022-01-09 22:11:19.220 | INFO     | accountpool.processors.tester:test:51 - testing credential for admin25
2022-01-09 22:11:19.248 | INFO     | accountpool.processors.tester:test:63 - test failed
2022-01-09 22:11:19.250 | INFO     | accountpool.processors.tester:test:51 - testing credential for admin26
2022-01-09 22:11:19.279 | INFO     | accountpool.processors.tester:test:63 - test failed
2022-01-09 22:11:19.281 | INFO     | accountpool.processors.tester:test:51 - testing credential for admin27
2022-01-09 22:11:19.290 | INFO     | accountpool.processors.tester:test:63 - test failed
2022-01-09 22:11:19.292 | INFO     | accountpool.processors.tester:test:51 - testing credential for admin28
2022-01-09 22:11:19.301 | INFO     | accountpool.processors.tester:test:63 - test failed
2022-01-09 22:11:19.302 | INFO     | accountpool.processors.tester:test:51 - testing credential for admin29
2022-01-09 22:11:19.326 | INFO     | accountpool.processors.tester:test:63 - test failed
2022-01-09 22:11:19.328 | INFO     | accountpool.processors.tester:test:51 - testing credential for admin30
2022-01-09 22:11:19.358 | INFO     | accountpool.processors.tester:test:63 - test failed
2022-01-09 22:11:19.359 | INFO     | accountpool.processors.tester:test:51 - testing credential for admin31
2022-01-09 22:11:19.390 | INFO     | accountpool.processors.tester:test:63 - test failed
2022-01-09 22:11:19.391 | INFO     | accountpool.processors.tester:test:51 - testing credential for admin32
2022-01-09 22:11:19.422 | INFO     | accountpool.processors.tester:test:63 - test failed
2022-01-09 22:11:19.423 | INFO     | accountpool.processors.tester:test:51 - testing credential for admin33
2022-01-09 22:11:19.453 | INFO     | accountpool.processors.tester:test:63 - test failed
2022-01-09 22:11:19.454 | INFO     | accountpool.processors.tester:test:51 - testing credential for admin34
2022-01-09 22:11:19.485 | INFO     | accountpool.processors.tester:test:63 - test failed
2022-01-09 22:11:19.486 | INFO     | accountpool.processors.tester:test:51 - testing credential for admin35
2022-01-09 22:11:19.516 | INFO     | accountpool.processors.tester:test:63 - test failed
2022-01-09 22:11:19.517 | INFO     | accountpool.processors.tester:test:51 - testing credential for admin36
2022-01-09 22:11:19.547 | INFO     | accountpool.processors.tester:test:63 - test failed
2022-01-09 22:11:19.549 | INFO     | accountpool.processors.tester:test:51 - testing credential for admin37
2022-01-09 22:11:19.579 | INFO     | accountpool.processors.tester:test:63 - test failed
2022-01-09 22:11:19.581 | INFO     | accountpool.processors.tester:test:51 - testing credential for admin38
2022-01-09 22:11:19.610 | INFO     | accountpool.processors.tester:test:63 - test failed
2022-01-09 22:11:19.612 | INFO     | accountpool.processors.tester:test:51 - testing credential for admin39
2022-01-09 22:11:19.643 | INFO     | accountpool.processors.tester:test:63 - test failed
2022-01-09 22:11:19.644 | INFO     | accountpool.processors.tester:test:51 - testing credential for admin40
2022-01-09 22:11:19.673 | INFO     | accountpool.processors.tester:test:63 - test failed
2022-01-09 22:11:19.674 | INFO     | accountpool.processors.tester:test:51 - testing credential for admin41
2022-01-09 22:11:19.705 | INFO     | accountpool.processors.tester:test:63 - test failed
2022-01-09 22:11:19.706 | INFO     | accountpool.processors.tester:test:51 - testing credential for admin42
2022-01-09 22:11:19.737 | INFO     | accountpool.processors.tester:test:63 - test failed
2022-01-09 22:11:57.102 | INFO     | accountpool.scheduler:run:83 - received keyboard interrupt signal
2022-01-09 22:11:57.107 | INFO     | accountpool.scheduler:run:92 - tester is dead
2022-01-09 22:11:57.108 | INFO     | accountpool.scheduler:run:93 - getter is dead
2022-01-09 22:11:57.109 | INFO     | accountpool.scheduler:run:94 - server is dead
2022-01-09 22:11:57.110 | INFO     | accountpool.scheduler:run:95 - accountpool terminated
2022-01-09 22:11:59.231 | INFO     | accountpool.scheduler:run:63 - starting account pool for website antispider6...
2022-01-09 22:11:59.234 | INFO     | accountpool.scheduler:run:66 - starting tester, pid None...
2022-01-09 22:11:59.240 | INFO     | accountpool.scheduler:run:71 - starting getter, pidNone...
2022-01-09 22:11:59.244 | INFO     | accountpool.scheduler:run:76 - starting server, pidNone...
2022-01-09 22:11:59.850 | DEBUG    | accountpool.scheduler:run_generator:46 - getter loop 0 start...
2022-01-09 22:11:59.851 | DEBUG    | accountpool.scheduler:run_tester:31 - tester loop 0 start...
2022-01-09 22:11:59.852 | DEBUG    | accountpool.processors.generator:run:39 - start to run generator
2022-01-09 22:11:59.853 | INFO     | accountpool.processors.tester:test:51 - testing credential for admin1
2022-01-09 22:11:59.855 | DEBUG    | accountpool.processors.generator:run:43 - start to generate credential of admin7
2022-01-09 22:12:01.376 | INFO     | accountpool.processors.tester:test:58 - credential is valid
2022-01-09 22:12:01.377 | INFO     | accountpool.processors.tester:test:51 - testing credential for admin2
2022-01-09 22:12:10.309 | DEBUG    | accountpool.processors.generator:generate:78 - get credential 
2022-01-09 22:12:10.313 | DEBUG    | accountpool.processors.generator:run:43 - start to generate credential of admin23
2022-01-09 22:13:37.668 | INFO     | accountpool.scheduler:run:83 - received keyboard interrupt signal
2022-01-09 22:13:37.670 | INFO     | accountpool.scheduler:run:92 - tester is dead
2022-01-09 22:13:37.670 | INFO     | accountpool.scheduler:run:93 - getter is dead
2022-01-09 22:13:37.671 | INFO     | accountpool.scheduler:run:94 - server is dead
2022-01-09 22:13:37.672 | INFO     | accountpool.scheduler:run:95 - accountpool terminated
2022-01-09 22:13:39.856 | INFO     | accountpool.scheduler:run:63 - starting account pool for website antispider6...
2022-01-09 22:13:39.857 | INFO     | accountpool.scheduler:run:66 - starting tester, pid None...
2022-01-09 22:13:39.863 | INFO     | accountpool.scheduler:run:71 - starting getter, pidNone...
2022-01-09 22:13:39.867 | INFO     | accountpool.scheduler:run:76 - starting server, pidNone...
2022-01-09 22:13:40.444 | DEBUG    | accountpool.scheduler:run_tester:31 - tester loop 0 start...
2022-01-09 22:13:40.444 | DEBUG    | accountpool.scheduler:run_generator:46 - getter loop 0 start...
2022-01-09 22:13:40.446 | INFO     | accountpool.processors.tester:test:51 - testing credential for admin1
2022-01-09 22:13:40.446 | DEBUG    | accountpool.processors.generator:run:39 - start to run generator
2022-01-09 22:13:40.448 | DEBUG    | accountpool.processors.generator:run:43 - start to generate credential of admin7
2022-01-09 22:13:41.956 | INFO     | accountpool.processors.tester:test:58 - credential is valid
2022-01-09 22:13:41.957 | INFO     | accountpool.processors.tester:test:51 - testing credential for admin2
2022-01-09 22:15:10.524 | INFO     | accountpool.scheduler:run:83 - received keyboard interrupt signal
2022-01-09 22:15:10.526 | INFO     | accountpool.scheduler:run:92 - tester is dead
2022-01-09 22:15:10.526 | INFO     | accountpool.scheduler:run:93 - getter is dead
2022-01-09 22:15:10.527 | INFO     | accountpool.scheduler:run:94 - server is dead
2022-01-09 22:15:10.528 | INFO     | accountpool.scheduler:run:95 - accountpool terminated
2022-01-09 22:15:13.677 | INFO     | accountpool.scheduler:run:63 - starting account pool for website antispider6...
2022-01-09 22:15:13.679 | INFO     | accountpool.scheduler:run:66 - starting tester, pid None...
2022-01-09 22:15:13.685 | INFO     | accountpool.scheduler:run:71 - starting getter, pidNone...
2022-01-09 22:15:13.689 | INFO     | accountpool.scheduler:run:76 - starting server, pidNone...
2022-01-09 22:15:14.294 | DEBUG    | accountpool.scheduler:run_tester:31 - tester loop 0 start...
.
2022-01-09 22:15:14.296 | DEBUG    | accountpool.processors.generator:run:39 - start to run generator
2022-01-09 22:15:14.296 | INFO     | accountpool.processors.tester:test:51 - testing credential for admin1
2022-01-09 22:15:14.298 | DEBUG    | accountpool.processors.generator:run:43 - start to generate credential of admin7
2022-01-09 22:15:15.882 | INFO     | accountpool.processors.tester:test:58 - credential is valid
2022-01-09 22:15:15.883 | INFO     | accountpool.processors.tester:test:51 - testing credential for admin2
2022-01-09 22:15:24.561 | DEBUG    | accountpool.processors.generator:generate:78 - get credential 
2022-01-09 22:15:24.564 | DEBUG    | accountpool.processors.generator:run:43 - start to generate credential of admin23
2022-01-09 22:15:34.566 | DEBUG    | accountpool.processors.generator:generate:78 - get credential 
2022-01-09 22:15:34.569 | DEBUG    | accountpool.processors.generator:run:43 - start to generate credential of admin29
2022-01-09 22:15:44.065 | DEBUG    | accountpool.processors.generator:generate:78 - get credential 
2022-01-09 22:15:44.068 | DEBUG    | accountpool.processors.generator:run:43 - start to generate credential of admin34
2022-01-09 22:15:53.058 | DEBUG    | accountpool.processors.generator:generate:78 - get credential 
2022-01-09 22:15:53.060 | DEBUG    | accountpool.processors.generator:run:43 - start to generate credential of admin43
2022-01-09 22:16:04.290 | DEBUG    | accountpool.processors.generator:generate:78 - get credential sessionid=jju6eji2pbmn8soxkuqwr2bbaki1e89g
2022-01-09 22:16:04.293 | DEBUG    | accountpool.processors.generator:run:43 - start to generate credential of admin44
2022-01-09 22:16:16.281 | DEBUG    | accountpool.processors.generator:generate:78 - get credential sessionid=ts7na1oo5wx2qxsadw9g2o9t6hgqfzou
2022-01-09 22:16:16.283 | DEBUG    | accountpool.processors.generator:run:43 - start to generate credential of admin45
2022-01-09 22:16:26.831 | DEBUG    | accountpool.processors.generator:generate:78 - get credential sessionid=n8sm3his330iwga6a5iaza08n7n08ubl
2022-01-09 22:16:26.834 | DEBUG    | accountpool.processors.generator:run:43 - start to generate credential of admin46
2022-01-09 22:16:38.375 | DEBUG    | accountpool.processors.generator:generate:78 - get credential sessionid=ag02o9jmdrxv03nqkvc7niip63yrc3qm
2022-01-09 22:16:38.377 | DEBUG    | accountpool.processors.generator:run:43 - start to generate credential of admin47
2022-01-09 22:16:49.298 | DEBUG    | accountpool.processors.generator:generate:78 - get credential sessionid=9qh5meklwviut60v6fy82rzk2w02xxxb
2022-01-09 22:16:49.301 | DEBUG    | accountpool.processors.generator:run:43 - start to generate credential of admin48
2022-01-09 22:16:59.795 | DEBUG    | accountpool.processors.generator:generate:78 - get credential sessionid=snhynvuksa2kf6sc9ca57ryb55ivtghm
2022-01-09 22:16:59.797 | DEBUG    | accountpool.processors.generator:run:43 - start to generate credential of admin49
2022-01-09 22:17:11.444 | DEBUG    | accountpool.processors.generator:generate:78 - get credential sessionid=9iaq45dujcj73zb27j88hinqyuk1sdwm
2022-01-09 22:17:11.446 | DEBUG    | accountpool.processors.generator:run:43 - start to generate credential of admin50
2022-01-09 22:17:21.753 | DEBUG    | accountpool.processors.generator:generate:78 - get credential sessionid=57r82a99w80yflqwgh7t54rbdtj4d209
2022-01-09 22:17:21.756 | DEBUG    | accountpool.processors.generator:run:43 - start to generate credential of admin51
2022-01-09 22:17:32.384 | DEBUG    | accountpool.processors.generator:generate:78 - get credential sessionid=a644wfr4whatnzigc11mkamwibw1yj8a
2022-01-09 22:17:32.386 | DEBUG    | accountpool.processors.generator:run:43 - start to generate credential of admin52
2022-01-09 22:17:44.092 | DEBUG    | accountpool.processors.generator:generate:78 - get credential sessionid=bfjrkwv29tj21w07g5fd4sjtlw94wg6i
2022-01-09 22:17:44.095 | DEBUG    | accountpool.processors.generator:run:43 - start to generate credential of admin53
2022-01-09 22:17:53.461 | DEBUG    | accountpool.processors.generator:generate:78 - get credential 
2022-01-09 22:17:53.464 | DEBUG    | accountpool.processors.generator:run:43 - start to generate credential of admin54
2022-01-09 22:18:04.387 | DEBUG    | accountpool.processors.generator:generate:78 - get credential sessionid=zzbzzqft21kxvvfeazwh425nhr5mcb9c
2022-01-09 22:18:04.389 | DEBUG    | accountpool.processors.generator:run:43 - start to generate credential of admin55
2022-01-09 22:18:15.339 | DEBUG    | accountpool.processors.generator:generate:78 - get credential sessionid=8m5ggcwpnq4k4h23yftrvsg1036e7672
2022-01-09 22:18:15.341 | DEBUG    | accountpool.processors.generator:run:43 - start to generate credential of admin56
2022-01-09 22:18:26.168 | DEBUG    | accountpool.processors.generator:generate:78 - get credential sessionid=uw7ys75pyvk51uj3hnuc49x2513ix65m
2022-01-09 22:18:26.172 | DEBUG    | accountpool.processors.generator:run:43 - start to generate credential of admin57
2022-01-09 22:18:36.786 | DEBUG    | accountpool.processors.generator:generate:78 - get credential sessionid=3q64rc0566j4v0kffwt16e33ardvdsma
2022-01-09 22:18:36.788 | DEBUG    | accountpool.processors.generator:run:43 - start to generate credential of admin58
2022-01-09 22:18:47.285 | DEBUG    | accountpool.processors.generator:generate:78 - get credential sessionid=xsmmvdhb0eclzdk7yv5kkq4nhd5pwv6v
2022-01-09 22:18:47.287 | DEBUG    | accountpool.processors.generator:run:43 - start to generate credential of admin59
2022-01-09 22:18:57.891 | DEBUG    | accountpool.processors.generator:generate:78 - get credential sessionid=ehdvc1rlqcjqd7qag3wggmo2tixj9eu4
2022-01-09 22:18:57.894 | DEBUG    | accountpool.processors.generator:run:43 - start to generate credential of admin60
2022-01-09 22:19:08.876 | DEBUG    | accountpool.processors.generator:generate:78 - get credential sessionid=3njimlcjxkps00di5brynzz22gybxiqi
2022-01-09 22:19:08.878 | DEBUG    | accountpool.processors.generator:run:43 - start to generate credential of admin61
2022-01-09 22:19:19.877 | DEBUG    | accountpool.processors.generator:generate:78 - get credential sessionid=39b4dz0jczg2zo7i2l8dxc98ptajfr3l
2022-01-09 22:19:19.880 | DEBUG    | accountpool.processors.generator:run:43 - start to generate credential of admin62
2022-01-09 22:19:30.752 | DEBUG    | accountpool.processors.generator:generate:78 - get credential sessionid=hbauv1wlhqyx20rf2x14ih48ssar780j
2022-01-09 22:19:30.754 | DEBUG    | accountpool.processors.generator:run:43 - start to generate credential of admin63
2022-01-09 22:19:39.280 | DEBUG    | accountpool.processors.generator:generate:78 - get credential 
2022-01-09 22:19:39.282 | DEBUG    | accountpool.processors.generator:run:43 - start to generate credential of admin64
2022-01-09 22:19:50.280 | DEBUG    | accountpool.processors.generator:generate:78 - get credential sessionid=kl9tpyhokgctm1roagzbxbwszhd52t72
2022-01-09 22:19:50.282 | DEBUG    | accountpool.processors.generator:run:43 - start to generate credential of admin65
2022-01-09 22:20:01.297 | DEBUG    | accountpool.processors.generator:generate:78 - get credential sessionid=h7gegsuhdpjbfr9qd0qivn4mtpq1jp3i
2022-01-09 22:20:01.299 | DEBUG    | accountpool.processors.generator:run:43 - start to generate credential of admin66
2022-01-09 22:20:11.689 | DEBUG    | accountpool.processors.generator:generate:78 - get credential sessionid=6uxx2d65xheuqe5vaikmf7haqb484mx6
2022-01-09 22:20:11.692 | DEBUG    | accountpool.processors.generator:run:43 - start to generate credential of admin67
2022-01-09 22:20:22.782 | DEBUG    | accountpool.processors.generator:generate:78 - get credential sessionid=rrbodcijwuzmq8tj2i2q3gltde5akj32
2022-01-09 22:20:22.785 | DEBUG    | accountpool.processors.generator:run:43 - start to generate credential of admin68
2022-01-09 22:20:34.383 | DEBUG    | accountpool.processors.generator:generate:78 - get credential sessionid=y520g444z2rbtrjlgwg2aazmpi7ow7kt
2022-01-09 22:20:34.386 | DEBUG    | accountpool.processors.generator:run:43 - start to generate credential of admin69
2022-01-09 22:20:45.487 | DEBUG    | accountpool.processors.generator:generate:78 - get credential sessionid=crfkax6si1lhq0hi48r05kgbzgu4nzww
2022-01-09 22:20:45.490 | DEBUG    | accountpool.processors.generator:run:43 - start to generate credential of admin70
2022-01-09 22:20:55.716 | DEBUG    | accountpool.processors.generator:generate:78 - get credential sessionid=mw2jgose08k51f78of26vwrhrkjurwll
2022-01-09 22:20:55.718 | DEBUG    | accountpool.processors.generator:run:43 - start to generate credential of admin71
2022-01-09 22:21:06.372 | DEBUG    | accountpool.processors.generator:generate:78 - get credential sessionid=zvugvgsaheo30ncdzeyebobf9uauszz6
2022-01-09 22:21:06.375 | DEBUG    | accountpool.processors.generator:run:43 - start to generate credential of admin72
2022-01-09 22:21:16.692 | DEBUG    | accountpool.processors.generator:generate:78 - get credential sessionid=l7albqrhioc3rsw4zkj6ujf5tfzd8nr8
2022-01-09 22:21:16.695 | DEBUG    | accountpool.processors.generator:run:43 - start to generate credential of admin73
2022-01-09 22:21:26.988 | DEBUG    | accountpool.processors.generator:generate:78 - get credential sessionid=d54ubh27rls5psp8se3mvsmt9t87n0ug
2022-01-09 22:21:26.991 | DEBUG    | accountpool.processors.generator:run:43 - start to generate credential of admin74
2022-01-09 22:21:38.550 | DEBUG    | accountpool.processors.generator:generate:78 - get credential sessionid=2h68odcg36ulgvczgszbg9s14pls91vk
2022-01-09 22:21:38.552 | DEBUG    | accountpool.processors.generator:run:43 - start to generate credential of admin75
2022-01-09 22:21:49.139 | DEBUG    | accountpool.processors.generator:generate:78 - get credential sessionid=mdr2adxtcfi173eznti856lxvtfa617r
2022-01-09 22:21:49.141 | DEBUG    | accountpool.processors.generator:run:43 - start to generate credential of admin76
2022-01-09 22:21:59.596 | DEBUG    | accountpool.processors.generator:generate:78 - get credential sessionid=yvsvynx6fwu2p0sykpckmo7pdz24tao8
2022-01-09 22:21:59.599 | DEBUG    | accountpool.processors.generator:run:43 - start to generate credential of admin77
2022-01-09 22:22:09.582 | DEBUG    | accountpool.processors.generator:generate:78 - get credential sessionid=jrtxclzrux5j1ri6z544sj8i2gkd5ra4
2022-01-09 22:22:09.587 | DEBUG    | accountpool.processors.generator:run:43 - start to generate credential of admin78
2022-01-09 22:22:19.853 | DEBUG    | accountpool.processors.generator:generate:78 - get credential sessionid=3vkuc55s4xh7duqsuzkku6niltcyrkhf
2022-01-09 22:22:19.855 | DEBUG    | accountpool.processors.generator:run:43 - start to generate credential of admin79
2022-01-09 22:22:30.991 | DEBUG    | accountpool.processors.generator:generate:78 - get credential sessionid=nltg8f3kg459a9yqxsn6wl0y1sw1npj4
2022-01-09 22:22:30.994 | DEBUG    | accountpool.processors.generator:run:43 - start to generate credential of admin80
2022-01-09 22:22:41.063 | DEBUG    | accountpool.processors.generator:generate:78 - get credential sessionid=p1l8cp1w8apl8g2xerwxok1nvl3c3s25
2022-01-09 22:22:41.065 | DEBUG    | accountpool.processors.generator:run:43 - start to generate credential of admin81
2022-01-09 22:22:51.501 | DEBUG    | accountpool.processors.generator:generate:78 - get credential sessionid=i2ukdq9of4fdrzuiwg9yqpj91g9utvpt
2022-01-09 22:22:51.505 | DEBUG    | accountpool.processors.generator:run:43 - start to generate credential of admin82
2022-01-09 22:23:01.292 | DEBUG    | accountpool.processors.generator:generate:78 - get credential sessionid=fyq2i8u32vyzxn4e29j36nyc4ru0fs22
2022-01-09 22:23:01.295 | DEBUG    | accountpool.processors.generator:run:43 - start to generate credential of admin83
2022-01-09 22:23:12.894 | DEBUG    | accountpool.processors.generator:generate:78 - get credential sessionid=ytqyaz8imev7j2u39aqxjoy16spwaszf
2022-01-09 22:23:12.896 | DEBUG    | accountpool.processors.generator:run:43 - start to generate credential of admin84
2022-01-09 22:23:23.889 | DEBUG    | accountpool.processors.generator:generate:78 - get credential sessionid=55tnf3kv247ju8xerzs6i5g6kxzfgynf
2022-01-09 22:23:23.891 | DEBUG    | accountpool.processors.generator:run:43 - start to generate credential of admin85
2022-01-09 22:23:34.808 | DEBUG    | accountpool.processors.generator:generate:78 - get credential sessionid=fuljmbi8io14rddzehfpz7fi4eux46b2
2022-01-09 22:23:34.811 | DEBUG    | accountpool.processors.generator:run:43 - start to generate credential of admin86
2022-01-09 22:23:46.776 | DEBUG    | accountpool.processors.generator:generate:78 - get credential sessionid=6uh36yqyg765is3llx127nvyrd2ojyg8
2022-01-09 22:23:46.778 | DEBUG    | accountpool.processors.generator:run:43 - start to generate credential of admin87
2022-01-09 22:23:57.500 | DEBUG    | accountpool.processors.generator:generate:78 - get credential sessionid=yd44ldfmd68fd4ai17tuvjophky7sld8
2022-01-09 22:23:57.503 | DEBUG    | accountpool.processors.generator:run:43 - start to generate credential of admin88
2022-01-09 22:24:09.216 | DEBUG    | accountpool.processors.generator:generate:78 - get credential sessionid=33hl3rjiucrd4qbz4xc3q05j6bxbatcr
2022-01-09 22:24:09.219 | DEBUG    | accountpool.processors.generator:run:43 - start to generate credential of admin89
2022-01-09 22:24:21.101 | DEBUG    | accountpool.processors.generator:generate:78 - get credential sessionid=h0h9xq6atezygmo4goiisj1m88xngtbo
2022-01-09 22:24:21.103 | DEBUG    | accountpool.processors.generator:run:43 - start to generate credential of admin90
2022-01-09 22:24:30.471 | DEBUG    | accountpool.processors.generator:generate:78 - get credential 
2022-01-09 22:24:30.474 | DEBUG    | accountpool.processors.generator:run:43 - start to generate credential of admin91
2022-01-09 22:24:40.584 | DEBUG    | accountpool.processors.generator:generate:78 - get credential sessionid=iex1h36qqqk3c7a3tnaqbziishlc9sy6
2022-01-09 22:24:40.587 | DEBUG    | accountpool.processors.generator:run:43 - start to generate credential of admin92
2022-01-09 22:24:51.067 | DEBUG    | accountpool.processors.generator:generate:78 - get credential sessionid=c057isoolzn6f2kvq2bsfyvenr2klhse
2022-01-09 22:24:51.069 | DEBUG    | accountpool.processors.generator:run:43 - start to generate credential of admin93
2022-01-09 22:25:02.524 | DEBUG    | accountpool.processors.generator:generate:78 - get credential sessionid=twun39spd2w9ao2clyoj64izpztrrzba
2022-01-09 22:25:02.526 | DEBUG    | accountpool.processors.generator:run:43 - start to generate credential of admin94
2022-01-09 22:25:14.002 | DEBUG    | accountpool.processors.generator:generate:78 - get credential sessionid=fqvghigi331slcwodmg4a8aerpqfvt9d
2022-01-09 22:25:14.005 | DEBUG    | accountpool.processors.generator:run:43 - start to generate credential of admin95
2022-01-09 22:25:25.004 | DEBUG    | accountpool.processors.generator:generate:78 - get credential sessionid=yamkmk4lp6otnp7ja5x2d1p88wfb7k9p
2022-01-09 22:25:25.005 | DEBUG    | accountpool.processors.generator:run:43 - start to generate credential of admin96
2022-01-09 22:25:36.607 | DEBUG    | accountpool.processors.generator:generate:78 - get credential sessionid=x9x60xac6axyf6le4tn3zqabo6oiptzd
2022-01-09 22:25:36.609 | DEBUG    | accountpool.processors.generator:run:43 - start to generate credential of admin97
2022-01-09 22:25:47.001 | DEBUG    | accountpool.processors.generator:generate:78 - get credential sessionid=5zu2kyx484hetfh05mp4ktlov75tuw1a
2022-01-09 22:25:47.003 | DEBUG    | accountpool.processors.generator:run:43 - start to generate credential of admin98
2022-01-09 22:25:58.899 | DEBUG    | accountpool.processors.generator:generate:78 - get credential sessionid=rl64kz19mrn407zpa2uuwr4xrpedxgpo
2022-01-09 22:25:58.901 | DEBUG    | accountpool.processors.generator:run:43 - start to generate credential of admin99
2022-01-09 22:26:10.009 | DEBUG    | accountpool.processors.generator:generate:78 - get credential sessionid=nngalr74l5szbxghfs1ea0uj81phddyk
2022-01-09 22:26:10.012 | DEBUG    | accountpool.processors.generator:run:43 - start to generate credential of admin100
2022-01-09 22:26:21.554 | DEBUG    | accountpool.processors.generator:generate:78 - get credential sessionid=9pv7u2o8xjy1zvsq02fmo9wv84pnqqjh
2022-01-09 22:26:46.895 | DEBUG    | accountpool.processors.server:random:40 - get credential sessionid=8hwrsl6wsat76zeg79fh7wwgn7ho3egv
2022-01-09 22:26:46.895 | DEBUG    | accountpool.processors.server:random:40 - get credential sessionid=zvugvgsaheo30ncdzeyebobf9uauszz6
2022-01-09 22:27:13.566 | DEBUG    | accountpool.processors.server:random:40 - get credential sessionid=a97w62olsrxc15y9jr1mxvnnchcj67j9
2022-01-09 22:27:13.567 | DEBUG    | accountpool.processors.server:random:40 - get credential sessionid=fd2o47f4437jdpmmmwcz4h21fdh1znad
2022-01-09 22:27:16.005 | DEBUG    | accountpool.processors.server:random:40 - get credential sessionid=fyq2i8u32vyzxn4e29j36nyc4ru0fs22
2022-01-09 22:27:16.006 | DEBUG    | accountpool.processors.server:random:40 - get credential sessionid=twun39spd2w9ao2clyoj64izpztrrzba
2022-01-09 22:27:17.605 | DEBUG    | accountpool.processors.server:random:40 - get credential sessionid=yd44ldfmd68fd4ai17tuvjophky7sld8
2022-01-09 22:27:17.606 | DEBUG    | accountpool.processors.server:random:40 - get credential sessionid=bg54gjplzx45ocmyquh88fgxwcttln4m
2022-01-09 22:27:19.458 | DEBUG    | accountpool.processors.server:random:40 - get credential sessionid=xsmmvdhb0eclzdk7yv5kkq4nhd5pwv6v
2022-01-09 22:27:19.458 | DEBUG    | accountpool.processors.server:random:40 - get credential sessionid=yd44ldfmd68fd4ai17tuvjophky7sld8
2022-01-09 22:27:20.669 | DEBUG    | accountpool.processors.server:random:40 - get credential sessionid=35zju8aireu36fvun90dzgwad9iqkvp7
2022-01-09 22:27:20.669 | DEBUG    | accountpool.processors.server:random:40 - get credential sessionid=wshgq3mmq7rx191z8zfs7p0cxz1rte8l
2022-01-09 22:27:21.714 | DEBUG    | accountpool.processors.server:random:40 - get credential sessionid=3njimlcjxkps00di5brynzz22gybxiqi
2022-01-09 22:27:21.715 | DEBUG    | accountpool.processors.server:random:40 - get credential sessionid=p1l8cp1w8apl8g2xerwxok1nvl3c3s25
2022-01-09 22:27:27.949 | INFO     | accountpool.scheduler:run:83 - received keyboard interrupt signal
2022-01-09 22:27:27.954 | INFO     | accountpool.scheduler:run:92 - tester is dead
2022-01-09 22:27:27.955 | INFO     | accountpool.scheduler:run:93 - getter is dead
2022-01-09 22:27:27.955 | INFO     | accountpool.scheduler:run:94 - server is dead
2022-01-09 22:27:27.956 | INFO     | accountpool.scheduler:run:95 - accountpool terminated
2022-01-09 22:29:15.673 | DEBUG    | accountpool.processors.server:random:40 - get credential sessionid=h7gegsuhdpjbfr9qd0qivn4mtpq1jp3i
2022-01-09 22:29:25.142 | DEBUG    | accountpool.processors.server:random:40 - get credential sessionid=kl9tpyhokgctm1roagzbxbwszhd52t72
2022-01-09 22:29:25.142 | DEBUG    | accountpool.processors.server:random:40 - get credential sessionid=l7albqrhioc3rsw4zkj6ujf5tfzd8nr8
2022-01-10 10:01:15.841 | DEBUG    | accountpool.processors.server:random:40 - get credential sessionid=l6r1ahmp2hsbfg0q9t03hae7mk95ows2
2022-01-10 10:01:15.842 | DEBUG    | accountpool.processors.server:random:40 - get credential sessionid=a97w62olsrxc15y9jr1mxvnnchcj67j9
